Looking for git in: git
Using git 2.25.1 from git
> git rev-parse --git-dir
Open repository: /home/petot/Documents/django-fundamentals
> git status -z -u
> git symbolic-ref --short HEAD
> git rev-parse master
> git rev-parse --symbolic-full-name master@{u}
fatal: no upstream configured for branch 'master'
> git for-each-ref --sort -committerdate --format %(refname) %(objectname)
> git remote --verbose
> git config --get commit.template
> git check-ignore -v -z --stdin
> git status -z -u
> git symbolic-ref --short HEAD
> git rev-parse master
> git rev-parse --symbolic-full-name master@{u}
fatal: no upstream configured for branch 'master'
> git for-each-ref --sort -committerdate --format %(refname) %(objectname)
> git remote --verbose
> git config --get commit.template
> git check-ignore -v -z --stdin
> git check-ignore -v -z --stdin
> git check-ignore -v -z --stdin
> git check-ignore -v -z --stdin
> git show --textconv :django3/10.model-app/myweb/myweb/settings.py
> git ls-files --stage -- /home/petot/Documents/django-fundamentals/django3/10.model-app/myweb/myweb/settings.py
> git status -z -u
> git symbolic-ref --short HEAD
> git rev-parse master
> git rev-parse --symbolic-full-name master@{u}
fatal: no upstream configured for branch 'master'
> git for-each-ref --sort -committerdate --format %(refname) %(objectname)
> git remote --verbose
> git config --get commit.template
> git show --textconv :django3/10.model-app/myweb/myweb/settings.py
> git ls-files --stage -- /home/petot/Documents/django-fundamentals/django3/10.model-app/myweb/myweb/settings.py
> git check-ignore -v -z --stdin
> git show --textconv :django3/10.model-app/myweb/blog/models.py
> git ls-files --stage -- /home/petot/Documents/django-fundamentals/django3/10.model-app/myweb/blog/models.py
> git show --textconv :django3/10.model-app/myweb/blog/admin.py
> git ls-files --stage -- /home/petot/Documents/django-fundamentals/django3/10.model-app/myweb/blog/admin.py
> git show --textconv :django3/10.model-app/myweb/myweb/settings.py
> git ls-files --stage -- /home/petot/Documents/django-fundamentals/django3/10.model-app/myweb/myweb/settings.py
> git check-ignore -v -z --stdin
> git show --textconv :django3/10.model-app/myweb/blog/migrations/0001_initial.py
> git ls-files --stage -- /home/petot/Documents/django-fundamentals/django3/10.model-app/myweb/blog/migrations/0001_initial.py
> git show --textconv :django3/10.model-app/myweb/blog/models.py
> git ls-files --stage -- /home/petot/Documents/django-fundamentals/django3/10.model-app/myweb/blog/models.py
> git status -z -u
> git symbolic-ref --short HEAD
> git rev-parse master
> git rev-parse --symbolic-full-name master@{u}
fatal: no upstream configured for branch 'master'
> git for-each-ref --sort -committerdate --format %(refname) %(objectname)
> git remote --verbose
> git config --get commit.template
> git ls-files --stage -- /home/petot/Documents/django-fundamentals/django3/10.model-app/myweb/blog/models.py
> git show --textconv :django3/10.model-app/myweb/blog/models.py
