User belongs to experiment group 'ShowPlayIcon - start'
User belongs to experiment group 'ShowExtensionSurveyPrompt - enabled'
User belongs to experiment group 'DebugAdapterFactory - experiment'
User belongs to experiment group 'PtvsdWheels37 - experiment'
User belongs to experiment group 'UseTerminalToGetActivatedEnvVars - control'
User belongs to experiment group 'LocalZMQKernel - experiment'
User belongs to experiment group 'CollectLSRequestTiming - control'
User belongs to experiment group 'CollectNodeLSRequestTiming - experiment'
User belongs to experiment group 'EnableIPyWidgets - experiment'
User belongs to experiment group 'DeprecatePythonPath - control'
User belongs to experiment group 'RunByLine - control'
User belongs to experiment group 'CustomEditorSupport - control'
> conda --version
> pyenv root
> python3.7 ~/.vscode/extensions/ms-python.python-2020.9.112786/pythonFiles/pyvsc-run-isolated.py -c "import sys;print(sys.executable)"
> python3.6 ~/.vscode/extensions/ms-python.python-2020.9.112786/pythonFiles/pyvsc-run-isolated.py -c "import sys;print(sys.executable)"
> python3 ~/.vscode/extensions/ms-python.python-2020.9.112786/pythonFiles/pyvsc-run-isolated.py -c "import sys;print(sys.executable)"
> python2 ~/.vscode/extensions/ms-python.python-2020.9.112786/pythonFiles/pyvsc-run-isolated.py -c "import sys;print(sys.executable)"
> python ~/.vscode/extensions/ms-python.python-2020.9.112786/pythonFiles/pyvsc-run-isolated.py -c "import sys;print(sys.executable)"
> python ~/.vscode/extensions/ms-python.python-2020.9.112786/pythonFiles/pyvsc-run-isolated.py -c "import sys;print(sys.executable)"
> conda info --json
> python ~/.vscode/extensions/ms-python.python-2020.9.112786/pythonFiles/pyvsc-run-isolated.py -c "import sys;print(sys.executable)"
> python ~/.vscode/extensions/ms-python.python-2020.9.112786/pythonFiles/pyvsc-run-isolated.py -c "import sys;print(sys.executable)"
Error 2020-10-01 22:57:27: Failed to check if file needs to be fixed [EntryNotFound (FileSystemError): Unable to read file '/root/.config/Code/User/settings.json' (EntryNotFound (FileSystemError): Error: ENOENT: no such file or directory, open '/root/.config/Code/User/settings.json')
	at _handleError (/usr/share/code/resources/app/out/vs/workbench/services/extensions/node/extensionHostProcess.js:706:74)
	at processTicksAndRejections (internal/process/task_queues.js:94:5)
	at async y.readText (/root/.vscode/extensions/ms-python.python-2020.9.112786/out/client/extension.js:1:498547)
	at async p.doesFileNeedToBeFixed (/root/.vscode/extensions/ms-python.python-2020.9.112786/out/client/extension.js:56:961593)
	at async /root/.vscode/extensions/ms-python.python-2020.9.112786/out/client/extension.js:56:960720
	at async Promise.all (index 0)
	at async p.getFilesToBeFixed (/root/.vscode/extensions/ms-python.python-2020.9.112786/out/client/extension.js:56:960666)
	at async p.updateTestSettings (/root/.vscode/extensions/ms-python.python-2020.9.112786/out/client/extension.js:56:960293)] {
  code: 'FileNotFound',
  name: 'EntryNotFound (FileSystemError)'
}
Error 2020-10-01 22:57:27: Failed to check if file needs to be fixed [EntryNotFound (FileSystemError): Unable to read file '/home/petot/Documents/django-fundamentals/django3/.vscode/settings.json' (EntryNotFound (FileSystemError): Error: ENOENT: no such file or directory, open '/home/petot/Documents/django-fundamentals/django3/.vscode/settings.json')
	at _handleError (/usr/share/code/resources/app/out/vs/workbench/services/extensions/node/extensionHostProcess.js:706:74)
	at processTicksAndRejections (internal/process/task_queues.js:94:5)
	at async y.readText (/root/.vscode/extensions/ms-python.python-2020.9.112786/out/client/extension.js:1:498547)
	at async p.doesFileNeedToBeFixed (/root/.vscode/extensions/ms-python.python-2020.9.112786/out/client/extension.js:56:961593)
	at async /root/.vscode/extensions/ms-python.python-2020.9.112786/out/client/extension.js:56:960720
	at async Promise.all (index 1)
	at async p.getFilesToBeFixed (/root/.vscode/extensions/ms-python.python-2020.9.112786/out/client/extension.js:56:960666)
	at async p.updateTestSettings (/root/.vscode/extensions/ms-python.python-2020.9.112786/out/client/extension.js:56:960293)] {
  code: 'FileNotFound',
  name: 'EntryNotFound (FileSystemError)'
}
Python interpreter path: /usr/bin/python3
Starting Jedi Python language engine.
> pyenv root
> pyenv root
> pyenv root
> conda --version
> /usr/bin/python3 ~/.vscode/extensions/ms-python.python-2020.9.112786/pythonFiles/pyvsc-run-isolated.py -c "import sys;print(sys.prefix)"
cwd: /home/petot/Documents/django-fundamentals/django3
> /usr/bin/python3 ~/.vscode/extensions/ms-python.python-2020.9.112786/pythonFiles/pyvsc-run-isolated.py -c "import sys;print(sys.prefix)"
cwd: /home/petot/Documents/django-fundamentals/django3
> /usr/bin/python3 ~/.vscode/extensions/ms-python.python-2020.9.112786/pythonFiles/pyvsc-run-isolated.py -c "import sys;print(sys.executable)"
cwd: /home/petot/Documents/django-fundamentals/django3
> /usr/bin/python3 ~/.vscode/extensions/ms-python.python-2020.9.112786/pythonFiles/pyvsc-run-isolated.py -c "import sys;print(sys.executable)"
cwd: /home/petot/Documents/django-fundamentals/django3
> /usr/bin/python3 ~/.vscode/extensions/ms-python.python-2020.9.112786/pythonFiles/pyvsc-run-isolated.py -c "from distutils.sysconfig import get_python_lib; print(get_python_lib())"
cwd: /home/petot/Documents/django-fundamentals/django3
> /usr/bin/python3 ~/.vscode/extensions/ms-python.python-2020.9.112786/pythonFiles/pyvsc-run-isolated.py -c "from distutils.sysconfig import get_python_lib; print(get_python_lib())"
cwd: /home/petot/Documents/django-fundamentals/django3
> /usr/bin/python3 ~/.vscode/extensions/ms-python.python-2020.9.112786/pythonFiles/pyvsc-run-isolated.py site --user-site
cwd: /home/petot/Documents/django-fundamentals/django3
> /usr/bin/python3 ~/.vscode/extensions/ms-python.python-2020.9.112786/pythonFiles/pyvsc-run-isolated.py site --user-site
cwd: /home/petot/Documents/django-fundamentals/django3
> /usr/bin/python3 ~/.vscode/extensions/ms-python.python-2020.9.112786/pythonFiles/pyvsc-run-isolated.py ~/.vscode/extensions/ms-python.python-2020.9.112786/pythonFiles/completion.py
> /usr/bin/python3 ~/.vscode/extensions/ms-python.python-2020.9.112786/pythonFiles/pyvsc-run-isolated.py ~/.vscode/extensions/ms-python.python-2020.9.112786/pythonFiles/completion.py
> /usr/bin/python3 ~/.vscode/extensions/ms-python.python-2020.9.112786/pythonFiles/pyvsc-run-isolated.py pylint --disable=all --enable=F,unreachable,duplicate-key,unnecessary-semicolon,global-variable-not-assigned,unused-variable,unused-wildcard-import,binary-op-exception,bad-format-string,anomalous-backslash-in-string,bad-open-mode,E0001,E0011,E0012,E0100,E0101,E0102,E0103,E0104,E0105,E0107,E0108,E0110,E0111,E0112,E0113,E0114,E0115,E0116,E0117,E0118,E0202,E0203,E0211,E0213,E0236,E0237,E0238,E0239,E0240,E0241,E0301,E0302,E0303,E0401,E0402,E0601,E0602,E0603,E0604,E0611,E0632,E0633,E0701,E0702,E0703,E0704,E0710,E0711,E0712,E1003,E1101,E1102,E1111,E1120,E1121,E1123,E1124,E1125,E1126,E1127,E1128,E1129,E1130,E1131,E1132,E1133,E1134,E1135,E1136,E1137,E1138,E1139,E1200,E1201,E1205,E1206,E1300,E1301,E1302,E1303,E1304,E1305,E1306,E1310,E1700,E1701 --msg-template='{line},{column},{category},{symbol}:{msg}' --reports=n --output-format=text /home/petot/Documents/django-fundamentals/django3/10.model-app/myweb/myweb/settings.py
cwd: /home/petot/Documents/django-fundamentals/django3
> /usr/bin/python3 ~/.vscode/extensions/ms-python.python-2020.9.112786/pythonFiles/pyvsc-run-isolated.py pylint --disable=all --enable=F,unreachable,duplicate-key,unnecessary-semicolon,global-variable-not-assigned,unused-variable,unused-wildcard-import,binary-op-exception,bad-format-string,anomalous-backslash-in-string,bad-open-mode,E0001,E0011,E0012,E0100,E0101,E0102,E0103,E0104,E0105,E0107,E0108,E0110,E0111,E0112,E0113,E0114,E0115,E0116,E0117,E0118,E0202,E0203,E0211,E0213,E0236,E0237,E0238,E0239,E0240,E0241,E0301,E0302,E0303,E0401,E0402,E0601,E0602,E0603,E0604,E0611,E0632,E0633,E0701,E0702,E0703,E0704,E0710,E0711,E0712,E1003,E1101,E1102,E1111,E1120,E1121,E1123,E1124,E1125,E1126,E1127,E1128,E1129,E1130,E1131,E1132,E1133,E1134,E1135,E1136,E1137,E1138,E1139,E1200,E1201,E1205,E1206,E1300,E1301,E1302,E1303,E1304,E1305,E1306,E1310,E1700,E1701 --msg-template='{line},{column},{category},{symbol}:{msg}' --reports=n --output-format=text /home/petot/Documents/django-fundamentals/django3/10.model-app/myweb/myweb/settings.py
cwd: /home/petot/Documents/django-fundamentals/django3
Error 2020-10-01 22:57:28: stderr jediProxy Error (stderr) /root/.vscode/extensions/ms-python.python-2020.9.112786/pythonFiles/completion.py:584: DeprecationWarning: Deprecated since version 0.16.0. Use Script(...).get_names instead.
  jedi.api.names(

##########Linting Output - pylint##########

--------------------------------------------------------------------
Your code has been rated at 10.00/10 (previous run: 10.00/10, +0.00)

Error 2020-10-01 22:57:37: stderr jediProxy Error (stderr) /root/.vscode/extensions/ms-python.python-2020.9.112786/pythonFiles/completion.py:592: DeprecationWarning: Providing the line is now done in the functions themselves like `Script(...).complete(line, column)`
  script = jedi.Script(
/root/.vscode/extensions/ms-python.python-2020.9.112786/pythonFiles/completion.py:592: DeprecationWarning: Providing the column is now done in the functions themselves like `Script(...).complete(line, column)`
  script = jedi.Script(
/root/.vscode/extensions/ms-python.python-2020.9.112786/pythonFiles/completion.py:592: DeprecationWarning: Deprecated since version 0.17.0. Use the project API instead, which means Script(project=Project(dir, sys_path=sys_path)) instead.
  script = jedi.Script(
/root/.vscode/extensions/ms-python.python-2020.9.112786/pythonFiles/completion.py:626: DeprecationWarning: Deprecated since version 0.16.0. Use Script(...).infer instead.
  script.goto_definitions(), request["id"]

> /usr/bin/python3 ~/.vscode/extensions/ms-python.python-2020.9.112786/pythonFiles/pyvsc-run-isolated.py pylint --disable=all --enable=F,unreachable,duplicate-key,unnecessary-semicolon,global-variable-not-assigned,unused-variable,unused-wildcard-import,binary-op-exception,bad-format-string,anomalous-backslash-in-string,bad-open-mode,E0001,E0011,E0012,E0100,E0101,E0102,E0103,E0104,E0105,E0107,E0108,E0110,E0111,E0112,E0113,E0114,E0115,E0116,E0117,E0118,E0202,E0203,E0211,E0213,E0236,E0237,E0238,E0239,E0240,E0241,E0301,E0302,E0303,E0401,E0402,E0601,E0602,E0603,E0604,E0611,E0632,E0633,E0701,E0702,E0703,E0704,E0710,E0711,E0712,E1003,E1101,E1102,E1111,E1120,E1121,E1123,E1124,E1125,E1126,E1127,E1128,E1129,E1130,E1131,E1132,E1133,E1134,E1135,E1136,E1137,E1138,E1139,E1200,E1201,E1205,E1206,E1300,E1301,E1302,E1303,E1304,E1305,E1306,E1310,E1700,E1701 --msg-template='{line},{column},{category},{symbol}:{msg}' --reports=n --output-format=text /home/petot/Documents/django-fundamentals/django3/10.model-app/myweb/myweb/settings.py
cwd: /home/petot/Documents/django-fundamentals/django3
> /usr/bin/python3 ~/.vscode/extensions/ms-python.python-2020.9.112786/pythonFiles/pyvsc-run-isolated.py pylint --disable=all --enable=F,unreachable,duplicate-key,unnecessary-semicolon,global-variable-not-assigned,unused-variable,unused-wildcard-import,binary-op-exception,bad-format-string,anomalous-backslash-in-string,bad-open-mode,E0001,E0011,E0012,E0100,E0101,E0102,E0103,E0104,E0105,E0107,E0108,E0110,E0111,E0112,E0113,E0114,E0115,E0116,E0117,E0118,E0202,E0203,E0211,E0213,E0236,E0237,E0238,E0239,E0240,E0241,E0301,E0302,E0303,E0401,E0402,E0601,E0602,E0603,E0604,E0611,E0632,E0633,E0701,E0702,E0703,E0704,E0710,E0711,E0712,E1003,E1101,E1102,E1111,E1120,E1121,E1123,E1124,E1125,E1126,E1127,E1128,E1129,E1130,E1131,E1132,E1133,E1134,E1135,E1136,E1137,E1138,E1139,E1200,E1201,E1205,E1206,E1300,E1301,E1302,E1303,E1304,E1305,E1306,E1310,E1700,E1701 --msg-template='{line},{column},{category},{symbol}:{msg}' --reports=n --output-format=text /home/petot/Documents/django-fundamentals/django3/10.model-app/myweb/myweb/settings.py
cwd: /home/petot/Documents/django-fundamentals/django3
##########Linting Output - pylint##########
************* Module myweb.settings
79,29,error,syntax-error:closing parenthesis ')' does not match opening parenthesis '{' on line 77 (<unknown>, line 79)
Error 2020-10-01 22:59:07: stderr jediProxy Error (stderr) /root/.vscode/extensions/ms-python.python-2020.9.112786/pythonFiles/completion.py:592: DeprecationWarning: Use the code keyword argument instead.
  script = jedi.Script(

Error 2020-10-01 22:59:07: stderr jediProxy Error (stderr) /root/.vscode/extensions/ms-python.python-2020.9.112786/pythonFiles/completion.py:144: DeprecationWarning: Deprecated since version 0.16.0. Use Script(...).get_signatures instead.
  call_signatures = script.call_signatures()

Error 2020-10-01 22:59:08: stderr jediProxy Error (stderr) /root/.vscode/extensions/ms-python.python-2020.9.112786/pythonFiles/completion.py:105: DeprecationWarning: Deprecated since version 0.16.0. Use Script(...).get_signatures instead.
  call_signatures = script.call_signatures()

Error 2020-10-01 22:59:08: stderr jediProxy Error (stderr) /root/.vscode/extensions/ms-python.python-2020.9.112786/pythonFiles/completion.py:230: DeprecationWarning: Deprecated since version 0.16.0. Use Script(...).complete instead.
  completions = script.completions()

> /usr/bin/python3 ~/.vscode/extensions/ms-python.python-2020.9.112786/pythonFiles/pyvsc-run-isolated.py pylint --disable=all --enable=F,unreachable,duplicate-key,unnecessary-semicolon,global-variable-not-assigned,unused-variable,unused-wildcard-import,binary-op-exception,bad-format-string,anomalous-backslash-in-string,bad-open-mode,E0001,E0011,E0012,E0100,E0101,E0102,E0103,E0104,E0105,E0107,E0108,E0110,E0111,E0112,E0113,E0114,E0115,E0116,E0117,E0118,E0202,E0203,E0211,E0213,E0236,E0237,E0238,E0239,E0240,E0241,E0301,E0302,E0303,E0401,E0402,E0601,E0602,E0603,E0604,E0611,E0632,E0633,E0701,E0702,E0703,E0704,E0710,E0711,E0712,E1003,E1101,E1102,E1111,E1120,E1121,E1123,E1124,E1125,E1126,E1127,E1128,E1129,E1130,E1131,E1132,E1133,E1134,E1135,E1136,E1137,E1138,E1139,E1200,E1201,E1205,E1206,E1300,E1301,E1302,E1303,E1304,E1305,E1306,E1310,E1700,E1701 --msg-template='{line},{column},{category},{symbol}:{msg}' --reports=n --output-format=text /home/petot/Documents/django-fundamentals/django3/10.model-app/myweb/myweb/settings.py
cwd: /home/petot/Documents/django-fundamentals/django3
> /usr/bin/python3 ~/.vscode/extensions/ms-python.python-2020.9.112786/pythonFiles/pyvsc-run-isolated.py pylint --disable=all --enable=F,unreachable,duplicate-key,unnecessary-semicolon,global-variable-not-assigned,unused-variable,unused-wildcard-import,binary-op-exception,bad-format-string,anomalous-backslash-in-string,bad-open-mode,E0001,E0011,E0012,E0100,E0101,E0102,E0103,E0104,E0105,E0107,E0108,E0110,E0111,E0112,E0113,E0114,E0115,E0116,E0117,E0118,E0202,E0203,E0211,E0213,E0236,E0237,E0238,E0239,E0240,E0241,E0301,E0302,E0303,E0401,E0402,E0601,E0602,E0603,E0604,E0611,E0632,E0633,E0701,E0702,E0703,E0704,E0710,E0711,E0712,E1003,E1101,E1102,E1111,E1120,E1121,E1123,E1124,E1125,E1126,E1127,E1128,E1129,E1130,E1131,E1132,E1133,E1134,E1135,E1136,E1137,E1138,E1139,E1200,E1201,E1205,E1206,E1300,E1301,E1302,E1303,E1304,E1305,E1306,E1310,E1700,E1701 --msg-template='{line},{column},{category},{symbol}:{msg}' --reports=n --output-format=text /home/petot/Documents/django-fundamentals/django3/10.model-app/myweb/myweb/settings.py
cwd: /home/petot/Documents/django-fundamentals/django3
##########Linting Output - pylint##########
************* Module myweb.settings
79,29,error,syntax-error:closing parenthesis ')' does not match opening parenthesis '{' on line 77 (<unknown>, line 79)
Error 2020-10-01 23:00:39: stderr jediProxy Error (stderr) /root/.vscode/extensions/ms-python.python-2020.9.112786/pythonFiles/completion.py:603: DeprecationWarning: Deprecated since version 0.16.0. Use Script(...).goto instead.
  script.goto_assignments(follow_imports=True), request["id"]

> /usr/bin/python3 ~/.vscode/extensions/ms-python.python-2020.9.112786/pythonFiles/pyvsc-run-isolated.py pylint --disable=all --enable=F,unreachable,duplicate-key,unnecessary-semicolon,global-variable-not-assigned,unused-variable,unused-wildcard-import,binary-op-exception,bad-format-string,anomalous-backslash-in-string,bad-open-mode,E0001,E0011,E0012,E0100,E0101,E0102,E0103,E0104,E0105,E0107,E0108,E0110,E0111,E0112,E0113,E0114,E0115,E0116,E0117,E0118,E0202,E0203,E0211,E0213,E0236,E0237,E0238,E0239,E0240,E0241,E0301,E0302,E0303,E0401,E0402,E0601,E0602,E0603,E0604,E0611,E0632,E0633,E0701,E0702,E0703,E0704,E0710,E0711,E0712,E1003,E1101,E1102,E1111,E1120,E1121,E1123,E1124,E1125,E1126,E1127,E1128,E1129,E1130,E1131,E1132,E1133,E1134,E1135,E1136,E1137,E1138,E1139,E1200,E1201,E1205,E1206,E1300,E1301,E1302,E1303,E1304,E1305,E1306,E1310,E1700,E1701 --msg-template='{line},{column},{category},{symbol}:{msg}' --reports=n --output-format=text /home/petot/Documents/django-fundamentals/django3/10.model-app/myweb/myweb/settings.py
cwd: /home/petot/Documents/django-fundamentals/django3
> /usr/bin/python3 ~/.vscode/extensions/ms-python.python-2020.9.112786/pythonFiles/pyvsc-run-isolated.py pylint --disable=all --enable=F,unreachable,duplicate-key,unnecessary-semicolon,global-variable-not-assigned,unused-variable,unused-wildcard-import,binary-op-exception,bad-format-string,anomalous-backslash-in-string,bad-open-mode,E0001,E0011,E0012,E0100,E0101,E0102,E0103,E0104,E0105,E0107,E0108,E0110,E0111,E0112,E0113,E0114,E0115,E0116,E0117,E0118,E0202,E0203,E0211,E0213,E0236,E0237,E0238,E0239,E0240,E0241,E0301,E0302,E0303,E0401,E0402,E0601,E0602,E0603,E0604,E0611,E0632,E0633,E0701,E0702,E0703,E0704,E0710,E0711,E0712,E1003,E1101,E1102,E1111,E1120,E1121,E1123,E1124,E1125,E1126,E1127,E1128,E1129,E1130,E1131,E1132,E1133,E1134,E1135,E1136,E1137,E1138,E1139,E1200,E1201,E1205,E1206,E1300,E1301,E1302,E1303,E1304,E1305,E1306,E1310,E1700,E1701 --msg-template='{line},{column},{category},{symbol}:{msg}' --reports=n --output-format=text /home/petot/Documents/django-fundamentals/django3/10.model-app/myweb/myweb/settings.py
cwd: /home/petot/Documents/django-fundamentals/django3
##########Linting Output - pylint##########

--------------------------------------------------------------------
Your code has been rated at 10.00/10 (previous run: 10.00/10, +0.00)

> /usr/bin/python3 ~/.vscode/extensions/ms-python.python-2020.9.112786/pythonFiles/pyvsc-run-isolated.py pylint --disable=all --enable=F,unreachable,duplicate-key,unnecessary-semicolon,global-variable-not-assigned,unused-variable,unused-wildcard-import,binary-op-exception,bad-format-string,anomalous-backslash-in-string,bad-open-mode,E0001,E0011,E0012,E0100,E0101,E0102,E0103,E0104,E0105,E0107,E0108,E0110,E0111,E0112,E0113,E0114,E0115,E0116,E0117,E0118,E0202,E0203,E0211,E0213,E0236,E0237,E0238,E0239,E0240,E0241,E0301,E0302,E0303,E0401,E0402,E0601,E0602,E0603,E0604,E0611,E0632,E0633,E0701,E0702,E0703,E0704,E0710,E0711,E0712,E1003,E1101,E1102,E1111,E1120,E1121,E1123,E1124,E1125,E1126,E1127,E1128,E1129,E1130,E1131,E1132,E1133,E1134,E1135,E1136,E1137,E1138,E1139,E1200,E1201,E1205,E1206,E1300,E1301,E1302,E1303,E1304,E1305,E1306,E1310,E1700,E1701 --msg-template='{line},{column},{category},{symbol}:{msg}' --reports=n --output-format=text /home/petot/Documents/django-fundamentals/django3/10.model-app/myweb/myweb/settings.py
cwd: /home/petot/Documents/django-fundamentals/django3
> /usr/bin/python3 ~/.vscode/extensions/ms-python.python-2020.9.112786/pythonFiles/pyvsc-run-isolated.py pylint --disable=all --enable=F,unreachable,duplicate-key,unnecessary-semicolon,global-variable-not-assigned,unused-variable,unused-wildcard-import,binary-op-exception,bad-format-string,anomalous-backslash-in-string,bad-open-mode,E0001,E0011,E0012,E0100,E0101,E0102,E0103,E0104,E0105,E0107,E0108,E0110,E0111,E0112,E0113,E0114,E0115,E0116,E0117,E0118,E0202,E0203,E0211,E0213,E0236,E0237,E0238,E0239,E0240,E0241,E0301,E0302,E0303,E0401,E0402,E0601,E0602,E0603,E0604,E0611,E0632,E0633,E0701,E0702,E0703,E0704,E0710,E0711,E0712,E1003,E1101,E1102,E1111,E1120,E1121,E1123,E1124,E1125,E1126,E1127,E1128,E1129,E1130,E1131,E1132,E1133,E1134,E1135,E1136,E1137,E1138,E1139,E1200,E1201,E1205,E1206,E1300,E1301,E1302,E1303,E1304,E1305,E1306,E1310,E1700,E1701 --msg-template='{line},{column},{category},{symbol}:{msg}' --reports=n --output-format=text /home/petot/Documents/django-fundamentals/django3/10.model-app/myweb/myweb/settings.py
cwd: /home/petot/Documents/django-fundamentals/django3
##########Linting Output - pylint##########

--------------------------------------------------------------------
Your code has been rated at 10.00/10 (previous run: 10.00/10, +0.00)

> /usr/bin/python3 ~/.vscode/extensions/ms-python.python-2020.9.112786/pythonFiles/pyvsc-run-isolated.py pylint --disable=all --enable=F,unreachable,duplicate-key,unnecessary-semicolon,global-variable-not-assigned,unused-variable,unused-wildcard-import,binary-op-exception,bad-format-string,anomalous-backslash-in-string,bad-open-mode,E0001,E0011,E0012,E0100,E0101,E0102,E0103,E0104,E0105,E0107,E0108,E0110,E0111,E0112,E0113,E0114,E0115,E0116,E0117,E0118,E0202,E0203,E0211,E0213,E0236,E0237,E0238,E0239,E0240,E0241,E0301,E0302,E0303,E0401,E0402,E0601,E0602,E0603,E0604,E0611,E0632,E0633,E0701,E0702,E0703,E0704,E0710,E0711,E0712,E1003,E1101,E1102,E1111,E1120,E1121,E1123,E1124,E1125,E1126,E1127,E1128,E1129,E1130,E1131,E1132,E1133,E1134,E1135,E1136,E1137,E1138,E1139,E1200,E1201,E1205,E1206,E1300,E1301,E1302,E1303,E1304,E1305,E1306,E1310,E1700,E1701 --msg-template='{line},{column},{category},{symbol}:{msg}' --reports=n --output-format=text /home/petot/Documents/django-fundamentals/django3/10.model-app/myweb/myweb/settings.py
cwd: /home/petot/Documents/django-fundamentals/django3
> /usr/bin/python3 ~/.vscode/extensions/ms-python.python-2020.9.112786/pythonFiles/pyvsc-run-isolated.py pylint --disable=all --enable=F,unreachable,duplicate-key,unnecessary-semicolon,global-variable-not-assigned,unused-variable,unused-wildcard-import,binary-op-exception,bad-format-string,anomalous-backslash-in-string,bad-open-mode,E0001,E0011,E0012,E0100,E0101,E0102,E0103,E0104,E0105,E0107,E0108,E0110,E0111,E0112,E0113,E0114,E0115,E0116,E0117,E0118,E0202,E0203,E0211,E0213,E0236,E0237,E0238,E0239,E0240,E0241,E0301,E0302,E0303,E0401,E0402,E0601,E0602,E0603,E0604,E0611,E0632,E0633,E0701,E0702,E0703,E0704,E0710,E0711,E0712,E1003,E1101,E1102,E1111,E1120,E1121,E1123,E1124,E1125,E1126,E1127,E1128,E1129,E1130,E1131,E1132,E1133,E1134,E1135,E1136,E1137,E1138,E1139,E1200,E1201,E1205,E1206,E1300,E1301,E1302,E1303,E1304,E1305,E1306,E1310,E1700,E1701 --msg-template='{line},{column},{category},{symbol}:{msg}' --reports=n --output-format=text /home/petot/Documents/django-fundamentals/django3/10.model-app/myweb/myweb/settings.py
cwd: /home/petot/Documents/django-fundamentals/django3
##########Linting Output - pylint##########
************* Module myweb.settings
83,16,error,syntax-error:invalid syntax (<unknown>, line 83)
> /usr/bin/python3 ~/.vscode/extensions/ms-python.python-2020.9.112786/pythonFiles/pyvsc-run-isolated.py pylint --disable=all --enable=F,unreachable,duplicate-key,unnecessary-semicolon,global-variable-not-assigned,unused-variable,unused-wildcard-import,binary-op-exception,bad-format-string,anomalous-backslash-in-string,bad-open-mode,E0001,E0011,E0012,E0100,E0101,E0102,E0103,E0104,E0105,E0107,E0108,E0110,E0111,E0112,E0113,E0114,E0115,E0116,E0117,E0118,E0202,E0203,E0211,E0213,E0236,E0237,E0238,E0239,E0240,E0241,E0301,E0302,E0303,E0401,E0402,E0601,E0602,E0603,E0604,E0611,E0632,E0633,E0701,E0702,E0703,E0704,E0710,E0711,E0712,E1003,E1101,E1102,E1111,E1120,E1121,E1123,E1124,E1125,E1126,E1127,E1128,E1129,E1130,E1131,E1132,E1133,E1134,E1135,E1136,E1137,E1138,E1139,E1200,E1201,E1205,E1206,E1300,E1301,E1302,E1303,E1304,E1305,E1306,E1310,E1700,E1701 --msg-template='{line},{column},{category},{symbol}:{msg}' --reports=n --output-format=text /home/petot/Documents/django-fundamentals/django3/10.model-app/myweb/myweb/settings.py
cwd: /home/petot/Documents/django-fundamentals/django3
> /usr/bin/python3 ~/.vscode/extensions/ms-python.python-2020.9.112786/pythonFiles/pyvsc-run-isolated.py pylint --disable=all --enable=F,unreachable,duplicate-key,unnecessary-semicolon,global-variable-not-assigned,unused-variable,unused-wildcard-import,binary-op-exception,bad-format-string,anomalous-backslash-in-string,bad-open-mode,E0001,E0011,E0012,E0100,E0101,E0102,E0103,E0104,E0105,E0107,E0108,E0110,E0111,E0112,E0113,E0114,E0115,E0116,E0117,E0118,E0202,E0203,E0211,E0213,E0236,E0237,E0238,E0239,E0240,E0241,E0301,E0302,E0303,E0401,E0402,E0601,E0602,E0603,E0604,E0611,E0632,E0633,E0701,E0702,E0703,E0704,E0710,E0711,E0712,E1003,E1101,E1102,E1111,E1120,E1121,E1123,E1124,E1125,E1126,E1127,E1128,E1129,E1130,E1131,E1132,E1133,E1134,E1135,E1136,E1137,E1138,E1139,E1200,E1201,E1205,E1206,E1300,E1301,E1302,E1303,E1304,E1305,E1306,E1310,E1700,E1701 --msg-template='{line},{column},{category},{symbol}:{msg}' --reports=n --output-format=text /home/petot/Documents/django-fundamentals/django3/10.model-app/myweb/myweb/settings.py
cwd: /home/petot/Documents/django-fundamentals/django3
##########Linting Output - pylint##########

--------------------------------------------------------------------
Your code has been rated at 10.00/10 (previous run: 10.00/10, +0.00)

> /usr/bin/python3 ~/.vscode/extensions/ms-python.python-2020.9.112786/pythonFiles/pyvsc-run-isolated.py pylint --disable=all --enable=F,unreachable,duplicate-key,unnecessary-semicolon,global-variable-not-assigned,unused-variable,unused-wildcard-import,binary-op-exception,bad-format-string,anomalous-backslash-in-string,bad-open-mode,E0001,E0011,E0012,E0100,E0101,E0102,E0103,E0104,E0105,E0107,E0108,E0110,E0111,E0112,E0113,E0114,E0115,E0116,E0117,E0118,E0202,E0203,E0211,E0213,E0236,E0237,E0238,E0239,E0240,E0241,E0301,E0302,E0303,E0401,E0402,E0601,E0602,E0603,E0604,E0611,E0632,E0633,E0701,E0702,E0703,E0704,E0710,E0711,E0712,E1003,E1101,E1102,E1111,E1120,E1121,E1123,E1124,E1125,E1126,E1127,E1128,E1129,E1130,E1131,E1132,E1133,E1134,E1135,E1136,E1137,E1138,E1139,E1200,E1201,E1205,E1206,E1300,E1301,E1302,E1303,E1304,E1305,E1306,E1310,E1700,E1701 --msg-template='{line},{column},{category},{symbol}:{msg}' --reports=n --output-format=text /home/petot/Documents/django-fundamentals/django3/10.model-app/myweb/myweb/settings.py
cwd: /home/petot/Documents/django-fundamentals/django3
> /usr/bin/python3 ~/.vscode/extensions/ms-python.python-2020.9.112786/pythonFiles/pyvsc-run-isolated.py pylint --disable=all --enable=F,unreachable,duplicate-key,unnecessary-semicolon,global-variable-not-assigned,unused-variable,unused-wildcard-import,binary-op-exception,bad-format-string,anomalous-backslash-in-string,bad-open-mode,E0001,E0011,E0012,E0100,E0101,E0102,E0103,E0104,E0105,E0107,E0108,E0110,E0111,E0112,E0113,E0114,E0115,E0116,E0117,E0118,E0202,E0203,E0211,E0213,E0236,E0237,E0238,E0239,E0240,E0241,E0301,E0302,E0303,E0401,E0402,E0601,E0602,E0603,E0604,E0611,E0632,E0633,E0701,E0702,E0703,E0704,E0710,E0711,E0712,E1003,E1101,E1102,E1111,E1120,E1121,E1123,E1124,E1125,E1126,E1127,E1128,E1129,E1130,E1131,E1132,E1133,E1134,E1135,E1136,E1137,E1138,E1139,E1200,E1201,E1205,E1206,E1300,E1301,E1302,E1303,E1304,E1305,E1306,E1310,E1700,E1701 --msg-template='{line},{column},{category},{symbol}:{msg}' --reports=n --output-format=text /home/petot/Documents/django-fundamentals/django3/10.model-app/myweb/myweb/settings.py
cwd: /home/petot/Documents/django-fundamentals/django3
##########Linting Output - pylint##########

--------------------------------------------------------------------
Your code has been rated at 10.00/10 (previous run: 10.00/10, +0.00)

> /usr/bin/python3 ~/.vscode/extensions/ms-python.python-2020.9.112786/pythonFiles/pyvsc-run-isolated.py pylint --disable=all --enable=F,unreachable,duplicate-key,unnecessary-semicolon,global-variable-not-assigned,unused-variable,unused-wildcard-import,binary-op-exception,bad-format-string,anomalous-backslash-in-string,bad-open-mode,E0001,E0011,E0012,E0100,E0101,E0102,E0103,E0104,E0105,E0107,E0108,E0110,E0111,E0112,E0113,E0114,E0115,E0116,E0117,E0118,E0202,E0203,E0211,E0213,E0236,E0237,E0238,E0239,E0240,E0241,E0301,E0302,E0303,E0401,E0402,E0601,E0602,E0603,E0604,E0611,E0632,E0633,E0701,E0702,E0703,E0704,E0710,E0711,E0712,E1003,E1101,E1102,E1111,E1120,E1121,E1123,E1124,E1125,E1126,E1127,E1128,E1129,E1130,E1131,E1132,E1133,E1134,E1135,E1136,E1137,E1138,E1139,E1200,E1201,E1205,E1206,E1300,E1301,E1302,E1303,E1304,E1305,E1306,E1310,E1700,E1701 --msg-template='{line},{column},{category},{symbol}:{msg}' --reports=n --output-format=text /home/petot/Documents/django-fundamentals/django3/10.model-app/myweb/myweb/settings.py
cwd: /home/petot/Documents/django-fundamentals/django3
> /usr/bin/python3 ~/.vscode/extensions/ms-python.python-2020.9.112786/pythonFiles/pyvsc-run-isolated.py pylint --disable=all --enable=F,unreachable,duplicate-key,unnecessary-semicolon,global-variable-not-assigned,unused-variable,unused-wildcard-import,binary-op-exception,bad-format-string,anomalous-backslash-in-string,bad-open-mode,E0001,E0011,E0012,E0100,E0101,E0102,E0103,E0104,E0105,E0107,E0108,E0110,E0111,E0112,E0113,E0114,E0115,E0116,E0117,E0118,E0202,E0203,E0211,E0213,E0236,E0237,E0238,E0239,E0240,E0241,E0301,E0302,E0303,E0401,E0402,E0601,E0602,E0603,E0604,E0611,E0632,E0633,E0701,E0702,E0703,E0704,E0710,E0711,E0712,E1003,E1101,E1102,E1111,E1120,E1121,E1123,E1124,E1125,E1126,E1127,E1128,E1129,E1130,E1131,E1132,E1133,E1134,E1135,E1136,E1137,E1138,E1139,E1200,E1201,E1205,E1206,E1300,E1301,E1302,E1303,E1304,E1305,E1306,E1310,E1700,E1701 --msg-template='{line},{column},{category},{symbol}:{msg}' --reports=n --output-format=text /home/petot/Documents/django-fundamentals/django3/10.model-app/myweb/myweb/settings.py
cwd: /home/petot/Documents/django-fundamentals/django3
##########Linting Output - pylint##########

--------------------------------------------------------------------
Your code has been rated at 10.00/10 (previous run: 10.00/10, +0.00)

> /usr/bin/python3 ~/.vscode/extensions/ms-python.python-2020.9.112786/pythonFiles/pyvsc-run-isolated.py pylint --disable=all --enable=F,unreachable,duplicate-key,unnecessary-semicolon,global-variable-not-assigned,unused-variable,unused-wildcard-import,binary-op-exception,bad-format-string,anomalous-backslash-in-string,bad-open-mode,E0001,E0011,E0012,E0100,E0101,E0102,E0103,E0104,E0105,E0107,E0108,E0110,E0111,E0112,E0113,E0114,E0115,E0116,E0117,E0118,E0202,E0203,E0211,E0213,E0236,E0237,E0238,E0239,E0240,E0241,E0301,E0302,E0303,E0401,E0402,E0601,E0602,E0603,E0604,E0611,E0632,E0633,E0701,E0702,E0703,E0704,E0710,E0711,E0712,E1003,E1101,E1102,E1111,E1120,E1121,E1123,E1124,E1125,E1126,E1127,E1128,E1129,E1130,E1131,E1132,E1133,E1134,E1135,E1136,E1137,E1138,E1139,E1200,E1201,E1205,E1206,E1300,E1301,E1302,E1303,E1304,E1305,E1306,E1310,E1700,E1701 --msg-template='{line},{column},{category},{symbol}:{msg}' --reports=n --output-format=text /home/petot/Documents/django-fundamentals/django3/10.model-app/myweb/myweb/settings.py
cwd: /home/petot/Documents/django-fundamentals/django3
> /usr/bin/python3 ~/.vscode/extensions/ms-python.python-2020.9.112786/pythonFiles/pyvsc-run-isolated.py pylint --disable=all --enable=F,unreachable,duplicate-key,unnecessary-semicolon,global-variable-not-assigned,unused-variable,unused-wildcard-import,binary-op-exception,bad-format-string,anomalous-backslash-in-string,bad-open-mode,E0001,E0011,E0012,E0100,E0101,E0102,E0103,E0104,E0105,E0107,E0108,E0110,E0111,E0112,E0113,E0114,E0115,E0116,E0117,E0118,E0202,E0203,E0211,E0213,E0236,E0237,E0238,E0239,E0240,E0241,E0301,E0302,E0303,E0401,E0402,E0601,E0602,E0603,E0604,E0611,E0632,E0633,E0701,E0702,E0703,E0704,E0710,E0711,E0712,E1003,E1101,E1102,E1111,E1120,E1121,E1123,E1124,E1125,E1126,E1127,E1128,E1129,E1130,E1131,E1132,E1133,E1134,E1135,E1136,E1137,E1138,E1139,E1200,E1201,E1205,E1206,E1300,E1301,E1302,E1303,E1304,E1305,E1306,E1310,E1700,E1701 --msg-template='{line},{column},{category},{symbol}:{msg}' --reports=n --output-format=text /home/petot/Documents/django-fundamentals/django3/10.model-app/myweb/myweb/settings.py
cwd: /home/petot/Documents/django-fundamentals/django3
##########Linting Output - pylint##########

--------------------------------------------------------------------
Your code has been rated at 10.00/10 (previous run: 10.00/10, +0.00)

> /usr/bin/python3 ~/.vscode/extensions/ms-python.python-2020.9.112786/pythonFiles/pyvsc-run-isolated.py pylint --disable=all --enable=F,unreachable,duplicate-key,unnecessary-semicolon,global-variable-not-assigned,unused-variable,unused-wildcard-import,binary-op-exception,bad-format-string,anomalous-backslash-in-string,bad-open-mode,E0001,E0011,E0012,E0100,E0101,E0102,E0103,E0104,E0105,E0107,E0108,E0110,E0111,E0112,E0113,E0114,E0115,E0116,E0117,E0118,E0202,E0203,E0211,E0213,E0236,E0237,E0238,E0239,E0240,E0241,E0301,E0302,E0303,E0401,E0402,E0601,E0602,E0603,E0604,E0611,E0632,E0633,E0701,E0702,E0703,E0704,E0710,E0711,E0712,E1003,E1101,E1102,E1111,E1120,E1121,E1123,E1124,E1125,E1126,E1127,E1128,E1129,E1130,E1131,E1132,E1133,E1134,E1135,E1136,E1137,E1138,E1139,E1200,E1201,E1205,E1206,E1300,E1301,E1302,E1303,E1304,E1305,E1306,E1310,E1700,E1701 --msg-template='{line},{column},{category},{symbol}:{msg}' --reports=n --output-format=text /home/petot/Documents/django-fundamentals/django3/10.model-app/myweb/myweb/settings.py
cwd: /home/petot/Documents/django-fundamentals/django3
> /usr/bin/python3 ~/.vscode/extensions/ms-python.python-2020.9.112786/pythonFiles/pyvsc-run-isolated.py pylint --disable=all --enable=F,unreachable,duplicate-key,unnecessary-semicolon,global-variable-not-assigned,unused-variable,unused-wildcard-import,binary-op-exception,bad-format-string,anomalous-backslash-in-string,bad-open-mode,E0001,E0011,E0012,E0100,E0101,E0102,E0103,E0104,E0105,E0107,E0108,E0110,E0111,E0112,E0113,E0114,E0115,E0116,E0117,E0118,E0202,E0203,E0211,E0213,E0236,E0237,E0238,E0239,E0240,E0241,E0301,E0302,E0303,E0401,E0402,E0601,E0602,E0603,E0604,E0611,E0632,E0633,E0701,E0702,E0703,E0704,E0710,E0711,E0712,E1003,E1101,E1102,E1111,E1120,E1121,E1123,E1124,E1125,E1126,E1127,E1128,E1129,E1130,E1131,E1132,E1133,E1134,E1135,E1136,E1137,E1138,E1139,E1200,E1201,E1205,E1206,E1300,E1301,E1302,E1303,E1304,E1305,E1306,E1310,E1700,E1701 --msg-template='{line},{column},{category},{symbol}:{msg}' --reports=n --output-format=text /home/petot/Documents/django-fundamentals/django3/10.model-app/myweb/myweb/settings.py
cwd: /home/petot/Documents/django-fundamentals/django3
##########Linting Output - pylint##########

--------------------------------------------------------------------
Your code has been rated at 10.00/10 (previous run: 10.00/10, +0.00)

> /usr/bin/python3 ~/.vscode/extensions/ms-python.python-2020.9.112786/pythonFiles/pyvsc-run-isolated.py pylint --disable=all --enable=F,unreachable,duplicate-key,unnecessary-semicolon,global-variable-not-assigned,unused-variable,unused-wildcard-import,binary-op-exception,bad-format-string,anomalous-backslash-in-string,bad-open-mode,E0001,E0011,E0012,E0100,E0101,E0102,E0103,E0104,E0105,E0107,E0108,E0110,E0111,E0112,E0113,E0114,E0115,E0116,E0117,E0118,E0202,E0203,E0211,E0213,E0236,E0237,E0238,E0239,E0240,E0241,E0301,E0302,E0303,E0401,E0402,E0601,E0602,E0603,E0604,E0611,E0632,E0633,E0701,E0702,E0703,E0704,E0710,E0711,E0712,E1003,E1101,E1102,E1111,E1120,E1121,E1123,E1124,E1125,E1126,E1127,E1128,E1129,E1130,E1131,E1132,E1133,E1134,E1135,E1136,E1137,E1138,E1139,E1200,E1201,E1205,E1206,E1300,E1301,E1302,E1303,E1304,E1305,E1306,E1310,E1700,E1701 --msg-template='{line},{column},{category},{symbol}:{msg}' --reports=n --output-format=text /home/petot/Documents/django-fundamentals/django3/10.model-app/myweb/blog/models.py
cwd: /home/petot/Documents/django-fundamentals/django3
> /usr/bin/python3 ~/.vscode/extensions/ms-python.python-2020.9.112786/pythonFiles/pyvsc-run-isolated.py pylint --disable=all --enable=F,unreachable,duplicate-key,unnecessary-semicolon,global-variable-not-assigned,unused-variable,unused-wildcard-import,binary-op-exception,bad-format-string,anomalous-backslash-in-string,bad-open-mode,E0001,E0011,E0012,E0100,E0101,E0102,E0103,E0104,E0105,E0107,E0108,E0110,E0111,E0112,E0113,E0114,E0115,E0116,E0117,E0118,E0202,E0203,E0211,E0213,E0236,E0237,E0238,E0239,E0240,E0241,E0301,E0302,E0303,E0401,E0402,E0601,E0602,E0603,E0604,E0611,E0632,E0633,E0701,E0702,E0703,E0704,E0710,E0711,E0712,E1003,E1101,E1102,E1111,E1120,E1121,E1123,E1124,E1125,E1126,E1127,E1128,E1129,E1130,E1131,E1132,E1133,E1134,E1135,E1136,E1137,E1138,E1139,E1200,E1201,E1205,E1206,E1300,E1301,E1302,E1303,E1304,E1305,E1306,E1310,E1700,E1701 --msg-template='{line},{column},{category},{symbol}:{msg}' --reports=n --output-format=text /home/petot/Documents/django-fundamentals/django3/10.model-app/myweb/blog/models.py
cwd: /home/petot/Documents/django-fundamentals/django3
##########Linting Output - pylint##########

------------------------------------
Your code has been rated at 10.00/10

Error 2020-10-01 23:06:27: stderr jediProxy Error (stderr) /root/.vscode/extensions/ms-python.python-2020.9.112786/pythonFiles/completion.py:584: DeprecationWarning: Deprecated since version 0.16.0. Use Script(...).get_names instead.
  jedi.api.names(

Error 2020-10-01 23:06:29: stderr jediProxy Error (stderr) /root/.vscode/extensions/ms-python.python-2020.9.112786/pythonFiles/completion.py:592: DeprecationWarning: Providing the line is now done in the functions themselves like `Script(...).complete(line, column)`
  script = jedi.Script(
/root/.vscode/extensions/ms-python.python-2020.9.112786/pythonFiles/completion.py:592: DeprecationWarning: Providing the column is now done in the functions themselves like `Script(...).complete(line, column)`
  script = jedi.Script(
/root/.vscode/extensions/ms-python.python-2020.9.112786/pythonFiles/completion.py:592: DeprecationWarning: Use the code keyword argument instead.
  script = jedi.Script(

Error 2020-10-01 23:06:29: stderr jediProxy Error (stderr) /root/.vscode/extensions/ms-python.python-2020.9.112786/pythonFiles/completion.py:592: DeprecationWarning: Deprecated since version 0.17.0. Use the project API instead, which means Script(project=Project(dir, sys_path=sys_path)) instead.
  script = jedi.Script(

Error 2020-10-01 23:06:29: stderr jediProxy Error (stderr) /root/.vscode/extensions/ms-python.python-2020.9.112786/pythonFiles/completion.py:105: DeprecationWarning: Deprecated since version 0.16.0. Use Script(...).get_signatures instead.
  call_signatures = script.call_signatures()

Error 2020-10-01 23:06:29: stderr jediProxy Error (stderr) /root/.vscode/extensions/ms-python.python-2020.9.112786/pythonFiles/completion.py:230: DeprecationWarning: Deprecated since version 0.16.0. Use Script(...).complete instead.
  completions = script.completions()

Error 2020-10-01 23:06:29: stderr jediProxy Error (stderr) /root/.vscode/extensions/ms-python.python-2020.9.112786/pythonFiles/completion.py:144: DeprecationWarning: Deprecated since version 0.16.0. Use Script(...).get_signatures instead.
  call_signatures = script.call_signatures()

Error 2020-10-01 23:06:29: stderr jediProxy Error (stderr) /root/.vscode/extensions/ms-python.python-2020.9.112786/pythonFiles/completion.py:592: DeprecationWarning: Providing the line is now done in the functions themselves like `Script(...).complete(line, column)`
  script = jedi.Script(
/root/.vscode/extensions/ms-python.python-2020.9.112786/pythonFiles/completion.py:592: DeprecationWarning: Providing the column is now done in the functions themselves like `Script(...).complete(line, column)`
  script = jedi.Script(
/root/.vscode/extensions/ms-python.python-2020.9.112786/pythonFiles/completion.py:592: DeprecationWarning: Use the code keyword argument instead.
  script = jedi.Script(
/root/.vscode/extensions/ms-python.python-2020.9.112786/pythonFiles/completion.py:592: DeprecationWarning: Deprecated since version 0.17.0. Use the project API instead, which means Script(project=Project(dir, sys_path=sys_path)) instead.
  script = jedi.Script(

Error 2020-10-01 23:06:29: stderr jediProxy Error (stderr) /root/.vscode/extensions/ms-python.python-2020.9.112786/pythonFiles/completion.py:626: DeprecationWarning: Deprecated since version 0.16.0. Use Script(...).infer instead.
  script.goto_definitions(), request["id"]

Error 2020-10-01 23:06:29: stderr jediProxy Error (stderr) /root/.vscode/extensions/ms-python.python-2020.9.112786/pythonFiles/completion.py:144: DeprecationWarning: Deprecated since version 0.16.0. Use Script(...).get_signatures instead.
  call_signatures = script.call_signatures()

Error 2020-10-01 23:06:30: stderr jediProxy Error (stderr) /root/.vscode/extensions/ms-python.python-2020.9.112786/pythonFiles/completion.py:592: DeprecationWarning: Providing the line is now done in the functions themselves like `Script(...).complete(line, column)`
  script = jedi.Script(

Error 2020-10-01 23:06:30: stderr jediProxy Error (stderr) /root/.vscode/extensions/ms-python.python-2020.9.112786/pythonFiles/completion.py:592: DeprecationWarning: Providing the column is now done in the functions themselves like `Script(...).complete(line, column)`
  script = jedi.Script(
/root/.vscode/extensions/ms-python.python-2020.9.112786/pythonFiles/completion.py:592: DeprecationWarning: Use the code keyword argument instead.
  script = jedi.Script(
/root/.vscode/extensions/ms-python.python-2020.9.112786/pythonFiles/completion.py:592: DeprecationWarning: Deprecated since version 0.17.0. Use the project API instead, which means Script(project=Project(dir, sys_path=sys_path)) instead.
  script = jedi.Script(

Error 2020-10-01 23:06:30: stderr jediProxy Error (stderr) /root/.vscode/extensions/ms-python.python-2020.9.112786/pythonFiles/completion.py:626: DeprecationWarning: Deprecated since version 0.16.0. Use Script(...).infer instead.
  script.goto_definitions(), request["id"]

Error 2020-10-01 23:06:30: stderr jediProxy Error (stderr) /root/.vscode/extensions/ms-python.python-2020.9.112786/pythonFiles/completion.py:584: DeprecationWarning: Deprecated since version 0.16.0. Use Script(...).get_names instead.
  jedi.api.names(

Error 2020-10-01 23:06:33: stderr jediProxy Error (stderr) /root/.vscode/extensions/ms-python.python-2020.9.112786/pythonFiles/completion.py:144: DeprecationWarning: Deprecated since version 0.16.0. Use Script(...).get_signatures instead.
  call_signatures = script.call_signatures()

Error 2020-10-01 23:06:33: stderr jediProxy Error (stderr) /root/.vscode/extensions/ms-python.python-2020.9.112786/pythonFiles/completion.py:592: DeprecationWarning: Providing the line is now done in the functions themselves like `Script(...).complete(line, column)`
  script = jedi.Script(
/root/.vscode/extensions/ms-python.python-2020.9.112786/pythonFiles/completion.py:592: DeprecationWarning: Providing the column is now done in the functions themselves like `Script(...).complete(line, column)`
  script = jedi.Script(
/root/.vscode/extensions/ms-python.python-2020.9.112786/pythonFiles/completion.py:592: DeprecationWarning: Use the code keyword argument instead.
  script = jedi.Script(

Error 2020-10-01 23:06:33: stderr jediProxy Error (stderr) /root/.vscode/extensions/ms-python.python-2020.9.112786/pythonFiles/completion.py:592: DeprecationWarning: Deprecated since version 0.17.0. Use the project API instead, which means Script(project=Project(dir, sys_path=sys_path)) instead.
  script = jedi.Script(

Error 2020-10-01 23:06:33: stderr jediProxy Error (stderr) /root/.vscode/extensions/ms-python.python-2020.9.112786/pythonFiles/completion.py:144: DeprecationWarning: Deprecated since version 0.16.0. Use Script(...).get_signatures instead.
  call_signatures = script.call_signatures()

Error 2020-10-01 23:06:34: stderr jediProxy Error (stderr) /root/.vscode/extensions/ms-python.python-2020.9.112786/pythonFiles/completion.py:592: DeprecationWarning: Providing the line is now done in the functions themselves like `Script(...).complete(line, column)`
  script = jedi.Script(
/root/.vscode/extensions/ms-python.python-2020.9.112786/pythonFiles/completion.py:592: DeprecationWarning: Providing the column is now done in the functions themselves like `Script(...).complete(line, column)`
  script = jedi.Script(

Error 2020-10-01 23:06:34: stderr jediProxy Error (stderr) /root/.vscode/extensions/ms-python.python-2020.9.112786/pythonFiles/completion.py:592: DeprecationWarning: Use the code keyword argument instead.
  script = jedi.Script(
/root/.vscode/extensions/ms-python.python-2020.9.112786/pythonFiles/completion.py:592: DeprecationWarning: Deprecated since version 0.17.0. Use the project API instead, which means Script(project=Project(dir, sys_path=sys_path)) instead.
  script = jedi.Script(

Error 2020-10-01 23:06:34: stderr jediProxy Error (stderr) /root/.vscode/extensions/ms-python.python-2020.9.112786/pythonFiles/completion.py:144: DeprecationWarning: Deprecated since version 0.16.0. Use Script(...).get_signatures instead.
  call_signatures = script.call_signatures()

Error 2020-10-01 23:06:34: stderr jediProxy Error (stderr) /root/.vscode/extensions/ms-python.python-2020.9.112786/pythonFiles/completion.py:584: DeprecationWarning: Deprecated since version 0.16.0. Use Script(...).get_names instead.
  jedi.api.names(

Error 2020-10-01 23:06:35: stderr jediProxy Error (stderr) /root/.vscode/extensions/ms-python.python-2020.9.112786/pythonFiles/completion.py:592: DeprecationWarning: Providing the line is now done in the functions themselves like `Script(...).complete(line, column)`
  script = jedi.Script(
/root/.vscode/extensions/ms-python.python-2020.9.112786/pythonFiles/completion.py:592: DeprecationWarning: Providing the column is now done in the functions themselves like `Script(...).complete(line, column)`
  script = jedi.Script(
/root/.vscode/extensions/ms-python.python-2020.9.112786/pythonFiles/completion.py:592: DeprecationWarning: Use the code keyword argument instead.
  script = jedi.Script(
/root/.vscode/extensions/ms-python.python-2020.9.112786/pythonFiles/completion.py:592: DeprecationWarning: Deprecated since version 0.17.0. Use the project API instead, which means Script(project=Project(dir, sys_path=sys_path)) instead.
  script = jedi.Script(

Error 2020-10-01 23:06:35: stderr jediProxy Error (stderr) /root/.vscode/extensions/ms-python.python-2020.9.112786/pythonFiles/completion.py:144: DeprecationWarning: Deprecated since version 0.16.0. Use Script(...).get_signatures instead.
  call_signatures = script.call_signatures()

Error 2020-10-01 23:06:35: stderr jediProxy Error (stderr) /root/.vscode/extensions/ms-python.python-2020.9.112786/pythonFiles/completion.py:592: DeprecationWarning: Providing the line is now done in the functions themselves like `Script(...).complete(line, column)`
  script = jedi.Script(
/root/.vscode/extensions/ms-python.python-2020.9.112786/pythonFiles/completion.py:592: DeprecationWarning: Providing the column is now done in the functions themselves like `Script(...).complete(line, column)`
  script = jedi.Script(

Error 2020-10-01 23:06:35: stderr jediProxy Error (stderr) /root/.vscode/extensions/ms-python.python-2020.9.112786/pythonFiles/completion.py:592: DeprecationWarning: Use the code keyword argument instead.
  script = jedi.Script(
/root/.vscode/extensions/ms-python.python-2020.9.112786/pythonFiles/completion.py:592: DeprecationWarning: Deprecated since version 0.17.0. Use the project API instead, which means Script(project=Project(dir, sys_path=sys_path)) instead.
  script = jedi.Script(
/root/.vscode/extensions/ms-python.python-2020.9.112786/pythonFiles/completion.py:144: DeprecationWarning: Deprecated since version 0.16.0. Use Script(...).get_signatures instead.
  call_signatures = script.call_signatures()

Error 2020-10-01 23:06:36: stderr jediProxy Error (stderr) /root/.vscode/extensions/ms-python.python-2020.9.112786/pythonFiles/completion.py:584: DeprecationWarning: Deprecated since version 0.16.0. Use Script(...).get_names instead.
  jedi.api.names(

Error 2020-10-01 23:06:40: stderr jediProxy Error (stderr) /root/.vscode/extensions/ms-python.python-2020.9.112786/pythonFiles/completion.py:105: DeprecationWarning: Deprecated since version 0.16.0. Use Script(...).get_signatures instead.
  call_signatures = script.call_signatures()

Error 2020-10-01 23:06:40: stderr jediProxy Error (stderr) /root/.vscode/extensions/ms-python.python-2020.9.112786/pythonFiles/completion.py:230: DeprecationWarning: Deprecated since version 0.16.0. Use Script(...).complete instead.
  completions = script.completions()

Error 2020-10-01 23:06:40: stderr jediProxy Error (stderr) /root/.vscode/extensions/ms-python.python-2020.9.112786/pythonFiles/completion.py:626: DeprecationWarning: Deprecated since version 0.16.0. Use Script(...).infer instead.
  script.goto_definitions(), request["id"]

Error 2020-10-01 23:06:53: stderr jediProxy Error (stderr) /root/.vscode/extensions/ms-python.python-2020.9.112786/pythonFiles/completion.py:584: DeprecationWarning: Deprecated since version 0.16.0. Use Script(...).get_names instead.
  jedi.api.names(

> /usr/bin/python3 ~/.vscode/extensions/ms-python.python-2020.9.112786/pythonFiles/pyvsc-run-isolated.py pylint --disable=all --enable=F,unreachable,duplicate-key,unnecessary-semicolon,global-variable-not-assigned,unused-variable,unused-wildcard-import,binary-op-exception,bad-format-string,anomalous-backslash-in-string,bad-open-mode,E0001,E0011,E0012,E0100,E0101,E0102,E0103,E0104,E0105,E0107,E0108,E0110,E0111,E0112,E0113,E0114,E0115,E0116,E0117,E0118,E0202,E0203,E0211,E0213,E0236,E0237,E0238,E0239,E0240,E0241,E0301,E0302,E0303,E0401,E0402,E0601,E0602,E0603,E0604,E0611,E0632,E0633,E0701,E0702,E0703,E0704,E0710,E0711,E0712,E1003,E1101,E1102,E1111,E1120,E1121,E1123,E1124,E1125,E1126,E1127,E1128,E1129,E1130,E1131,E1132,E1133,E1134,E1135,E1136,E1137,E1138,E1139,E1200,E1201,E1205,E1206,E1300,E1301,E1302,E1303,E1304,E1305,E1306,E1310,E1700,E1701 --msg-template='{line},{column},{category},{symbol}:{msg}' --reports=n --output-format=text /home/petot/Documents/django-fundamentals/django3/10.model-app/myweb/blog/models.py
cwd: /home/petot/Documents/django-fundamentals/django3
> /usr/bin/python3 ~/.vscode/extensions/ms-python.python-2020.9.112786/pythonFiles/pyvsc-run-isolated.py pylint --disable=all --enable=F,unreachable,duplicate-key,unnecessary-semicolon,global-variable-not-assigned,unused-variable,unused-wildcard-import,binary-op-exception,bad-format-string,anomalous-backslash-in-string,bad-open-mode,E0001,E0011,E0012,E0100,E0101,E0102,E0103,E0104,E0105,E0107,E0108,E0110,E0111,E0112,E0113,E0114,E0115,E0116,E0117,E0118,E0202,E0203,E0211,E0213,E0236,E0237,E0238,E0239,E0240,E0241,E0301,E0302,E0303,E0401,E0402,E0601,E0602,E0603,E0604,E0611,E0632,E0633,E0701,E0702,E0703,E0704,E0710,E0711,E0712,E1003,E1101,E1102,E1111,E1120,E1121,E1123,E1124,E1125,E1126,E1127,E1128,E1129,E1130,E1131,E1132,E1133,E1134,E1135,E1136,E1137,E1138,E1139,E1200,E1201,E1205,E1206,E1300,E1301,E1302,E1303,E1304,E1305,E1306,E1310,E1700,E1701 --msg-template='{line},{column},{category},{symbol}:{msg}' --reports=n --output-format=text /home/petot/Documents/django-fundamentals/django3/10.model-app/myweb/blog/models.py
cwd: /home/petot/Documents/django-fundamentals/django3
Error 2020-10-01 23:06:55: stderr jediProxy Error (stderr) /root/.vscode/extensions/ms-python.python-2020.9.112786/pythonFiles/completion.py:592: DeprecationWarning: Providing the line is now done in the functions themselves like `Script(...).complete(line, column)`
  script = jedi.Script(
/root/.vscode/extensions/ms-python.python-2020.9.112786/pythonFiles/completion.py:592: DeprecationWarning: Providing the column is now done in the functions themselves like `Script(...).complete(line, column)`
  script = jedi.Script(

Error 2020-10-01 23:06:55: stderr jediProxy Error (stderr) /root/.vscode/extensions/ms-python.python-2020.9.112786/pythonFiles/completion.py:592: DeprecationWarning: Use the code keyword argument instead.
  script = jedi.Script(
/root/.vscode/extensions/ms-python.python-2020.9.112786/pythonFiles/completion.py:592: DeprecationWarning: Deprecated since version 0.17.0. Use the project API instead, which means Script(project=Project(dir, sys_path=sys_path)) instead.
  script = jedi.Script(
/root/.vscode/extensions/ms-python.python-2020.9.112786/pythonFiles/completion.py:144: DeprecationWarning: Deprecated since version 0.16.0. Use Script(...).get_signatures instead.
  call_signatures = script.call_signatures()

##########Linting Output - pylint##########

--------------------------------------------------------------------
Your code has been rated at 10.00/10 (previous run: 10.00/10, +0.00)

> /usr/bin/python3 ~/.vscode/extensions/ms-python.python-2020.9.112786/pythonFiles/pyvsc-run-isolated.py pylint --disable=all --enable=F,unreachable,duplicate-key,unnecessary-semicolon,global-variable-not-assigned,unused-variable,unused-wildcard-import,binary-op-exception,bad-format-string,anomalous-backslash-in-string,bad-open-mode,E0001,E0011,E0012,E0100,E0101,E0102,E0103,E0104,E0105,E0107,E0108,E0110,E0111,E0112,E0113,E0114,E0115,E0116,E0117,E0118,E0202,E0203,E0211,E0213,E0236,E0237,E0238,E0239,E0240,E0241,E0301,E0302,E0303,E0401,E0402,E0601,E0602,E0603,E0604,E0611,E0632,E0633,E0701,E0702,E0703,E0704,E0710,E0711,E0712,E1003,E1101,E1102,E1111,E1120,E1121,E1123,E1124,E1125,E1126,E1127,E1128,E1129,E1130,E1131,E1132,E1133,E1134,E1135,E1136,E1137,E1138,E1139,E1200,E1201,E1205,E1206,E1300,E1301,E1302,E1303,E1304,E1305,E1306,E1310,E1700,E1701 --msg-template='{line},{column},{category},{symbol}:{msg}' --reports=n --output-format=text /home/petot/Documents/django-fundamentals/django3/10.model-app/myweb/blog/models.py
cwd: /home/petot/Documents/django-fundamentals/django3
> /usr/bin/python3 ~/.vscode/extensions/ms-python.python-2020.9.112786/pythonFiles/pyvsc-run-isolated.py pylint --disable=all --enable=F,unreachable,duplicate-key,unnecessary-semicolon,global-variable-not-assigned,unused-variable,unused-wildcard-import,binary-op-exception,bad-format-string,anomalous-backslash-in-string,bad-open-mode,E0001,E0011,E0012,E0100,E0101,E0102,E0103,E0104,E0105,E0107,E0108,E0110,E0111,E0112,E0113,E0114,E0115,E0116,E0117,E0118,E0202,E0203,E0211,E0213,E0236,E0237,E0238,E0239,E0240,E0241,E0301,E0302,E0303,E0401,E0402,E0601,E0602,E0603,E0604,E0611,E0632,E0633,E0701,E0702,E0703,E0704,E0710,E0711,E0712,E1003,E1101,E1102,E1111,E1120,E1121,E1123,E1124,E1125,E1126,E1127,E1128,E1129,E1130,E1131,E1132,E1133,E1134,E1135,E1136,E1137,E1138,E1139,E1200,E1201,E1205,E1206,E1300,E1301,E1302,E1303,E1304,E1305,E1306,E1310,E1700,E1701 --msg-template='{line},{column},{category},{symbol}:{msg}' --reports=n --output-format=text /home/petot/Documents/django-fundamentals/django3/10.model-app/myweb/blog/models.py
cwd: /home/petot/Documents/django-fundamentals/django3
##########Linting Output - pylint##########

--------------------------------------------------------------------
Your code has been rated at 10.00/10 (previous run: 10.00/10, +0.00)

Error 2020-10-01 23:07:57: stderr jediProxy Error (stderr) /root/.vscode/extensions/ms-python.python-2020.9.112786/pythonFiles/completion.py:626: DeprecationWarning: Deprecated since version 0.16.0. Use Script(...).infer instead.
  script.goto_definitions(), request["id"]

> /usr/bin/python3 ~/.vscode/extensions/ms-python.python-2020.9.112786/pythonFiles/pyvsc-run-isolated.py pylint --disable=all --enable=F,unreachable,duplicate-key,unnecessary-semicolon,global-variable-not-assigned,unused-variable,unused-wildcard-import,binary-op-exception,bad-format-string,anomalous-backslash-in-string,bad-open-mode,E0001,E0011,E0012,E0100,E0101,E0102,E0103,E0104,E0105,E0107,E0108,E0110,E0111,E0112,E0113,E0114,E0115,E0116,E0117,E0118,E0202,E0203,E0211,E0213,E0236,E0237,E0238,E0239,E0240,E0241,E0301,E0302,E0303,E0401,E0402,E0601,E0602,E0603,E0604,E0611,E0632,E0633,E0701,E0702,E0703,E0704,E0710,E0711,E0712,E1003,E1101,E1102,E1111,E1120,E1121,E1123,E1124,E1125,E1126,E1127,E1128,E1129,E1130,E1131,E1132,E1133,E1134,E1135,E1136,E1137,E1138,E1139,E1200,E1201,E1205,E1206,E1300,E1301,E1302,E1303,E1304,E1305,E1306,E1310,E1700,E1701 --msg-template='{line},{column},{category},{symbol}:{msg}' --reports=n --output-format=text /home/petot/Documents/django-fundamentals/django3/10.model-app/myweb/blog/admin.py
cwd: /home/petot/Documents/django-fundamentals/django3
> /usr/bin/python3 ~/.vscode/extensions/ms-python.python-2020.9.112786/pythonFiles/pyvsc-run-isolated.py pylint --disable=all --enable=F,unreachable,duplicate-key,unnecessary-semicolon,global-variable-not-assigned,unused-variable,unused-wildcard-import,binary-op-exception,bad-format-string,anomalous-backslash-in-string,bad-open-mode,E0001,E0011,E0012,E0100,E0101,E0102,E0103,E0104,E0105,E0107,E0108,E0110,E0111,E0112,E0113,E0114,E0115,E0116,E0117,E0118,E0202,E0203,E0211,E0213,E0236,E0237,E0238,E0239,E0240,E0241,E0301,E0302,E0303,E0401,E0402,E0601,E0602,E0603,E0604,E0611,E0632,E0633,E0701,E0702,E0703,E0704,E0710,E0711,E0712,E1003,E1101,E1102,E1111,E1120,E1121,E1123,E1124,E1125,E1126,E1127,E1128,E1129,E1130,E1131,E1132,E1133,E1134,E1135,E1136,E1137,E1138,E1139,E1200,E1201,E1205,E1206,E1300,E1301,E1302,E1303,E1304,E1305,E1306,E1310,E1700,E1701 --msg-template='{line},{column},{category},{symbol}:{msg}' --reports=n --output-format=text /home/petot/Documents/django-fundamentals/django3/10.model-app/myweb/blog/admin.py
cwd: /home/petot/Documents/django-fundamentals/django3
##########Linting Output - pylint##########

------------------------------------
Your code has been rated at 10.00/10

Error 2020-10-01 23:08:09: stderr jediProxy Error (stderr) /root/.vscode/extensions/ms-python.python-2020.9.112786/pythonFiles/completion.py:105: DeprecationWarning: Deprecated since version 0.16.0. Use Script(...).get_signatures instead.
  call_signatures = script.call_signatures()

Error 2020-10-01 23:08:09: stderr jediProxy Error (stderr) /root/.vscode/extensions/ms-python.python-2020.9.112786/pythonFiles/completion.py:230: DeprecationWarning: Deprecated since version 0.16.0. Use Script(...).complete instead.
  completions = script.completions()

> /usr/bin/python3 ~/.vscode/extensions/ms-python.python-2020.9.112786/pythonFiles/pyvsc-run-isolated.py pylint --disable=all --enable=F,unreachable,duplicate-key,unnecessary-semicolon,global-variable-not-assigned,unused-variable,unused-wildcard-import,binary-op-exception,bad-format-string,anomalous-backslash-in-string,bad-open-mode,E0001,E0011,E0012,E0100,E0101,E0102,E0103,E0104,E0105,E0107,E0108,E0110,E0111,E0112,E0113,E0114,E0115,E0116,E0117,E0118,E0202,E0203,E0211,E0213,E0236,E0237,E0238,E0239,E0240,E0241,E0301,E0302,E0303,E0401,E0402,E0601,E0602,E0603,E0604,E0611,E0632,E0633,E0701,E0702,E0703,E0704,E0710,E0711,E0712,E1003,E1101,E1102,E1111,E1120,E1121,E1123,E1124,E1125,E1126,E1127,E1128,E1129,E1130,E1131,E1132,E1133,E1134,E1135,E1136,E1137,E1138,E1139,E1200,E1201,E1205,E1206,E1300,E1301,E1302,E1303,E1304,E1305,E1306,E1310,E1700,E1701 --msg-template='{line},{column},{category},{symbol}:{msg}' --reports=n --output-format=text /home/petot/Documents/django-fundamentals/django3/10.model-app/myweb/blog/admin.py
cwd: /home/petot/Documents/django-fundamentals/django3
> /usr/bin/python3 ~/.vscode/extensions/ms-python.python-2020.9.112786/pythonFiles/pyvsc-run-isolated.py pylint --disable=all --enable=F,unreachable,duplicate-key,unnecessary-semicolon,global-variable-not-assigned,unused-variable,unused-wildcard-import,binary-op-exception,bad-format-string,anomalous-backslash-in-string,bad-open-mode,E0001,E0011,E0012,E0100,E0101,E0102,E0103,E0104,E0105,E0107,E0108,E0110,E0111,E0112,E0113,E0114,E0115,E0116,E0117,E0118,E0202,E0203,E0211,E0213,E0236,E0237,E0238,E0239,E0240,E0241,E0301,E0302,E0303,E0401,E0402,E0601,E0602,E0603,E0604,E0611,E0632,E0633,E0701,E0702,E0703,E0704,E0710,E0711,E0712,E1003,E1101,E1102,E1111,E1120,E1121,E1123,E1124,E1125,E1126,E1127,E1128,E1129,E1130,E1131,E1132,E1133,E1134,E1135,E1136,E1137,E1138,E1139,E1200,E1201,E1205,E1206,E1300,E1301,E1302,E1303,E1304,E1305,E1306,E1310,E1700,E1701 --msg-template='{line},{column},{category},{symbol}:{msg}' --reports=n --output-format=text /home/petot/Documents/django-fundamentals/django3/10.model-app/myweb/blog/admin.py
cwd: /home/petot/Documents/django-fundamentals/django3
##########Linting Output - pylint##########

--------------------------------------------------------------------
Your code has been rated at 10.00/10 (previous run: 10.00/10, +0.00)

> /usr/bin/python3 ~/.vscode/extensions/ms-python.python-2020.9.112786/pythonFiles/pyvsc-run-isolated.py pylint --disable=all --enable=F,unreachable,duplicate-key,unnecessary-semicolon,global-variable-not-assigned,unused-variable,unused-wildcard-import,binary-op-exception,bad-format-string,anomalous-backslash-in-string,bad-open-mode,E0001,E0011,E0012,E0100,E0101,E0102,E0103,E0104,E0105,E0107,E0108,E0110,E0111,E0112,E0113,E0114,E0115,E0116,E0117,E0118,E0202,E0203,E0211,E0213,E0236,E0237,E0238,E0239,E0240,E0241,E0301,E0302,E0303,E0401,E0402,E0601,E0602,E0603,E0604,E0611,E0632,E0633,E0701,E0702,E0703,E0704,E0710,E0711,E0712,E1003,E1101,E1102,E1111,E1120,E1121,E1123,E1124,E1125,E1126,E1127,E1128,E1129,E1130,E1131,E1132,E1133,E1134,E1135,E1136,E1137,E1138,E1139,E1200,E1201,E1205,E1206,E1300,E1301,E1302,E1303,E1304,E1305,E1306,E1310,E1700,E1701 --msg-template='{line},{column},{category},{symbol}:{msg}' --reports=n --output-format=text /home/petot/Documents/django-fundamentals/django3/10.model-app/myweb/myweb/settings.py
cwd: /home/petot/Documents/django-fundamentals/django3
> /usr/bin/python3 ~/.vscode/extensions/ms-python.python-2020.9.112786/pythonFiles/pyvsc-run-isolated.py pylint --disable=all --enable=F,unreachable,duplicate-key,unnecessary-semicolon,global-variable-not-assigned,unused-variable,unused-wildcard-import,binary-op-exception,bad-format-string,anomalous-backslash-in-string,bad-open-mode,E0001,E0011,E0012,E0100,E0101,E0102,E0103,E0104,E0105,E0107,E0108,E0110,E0111,E0112,E0113,E0114,E0115,E0116,E0117,E0118,E0202,E0203,E0211,E0213,E0236,E0237,E0238,E0239,E0240,E0241,E0301,E0302,E0303,E0401,E0402,E0601,E0602,E0603,E0604,E0611,E0632,E0633,E0701,E0702,E0703,E0704,E0710,E0711,E0712,E1003,E1101,E1102,E1111,E1120,E1121,E1123,E1124,E1125,E1126,E1127,E1128,E1129,E1130,E1131,E1132,E1133,E1134,E1135,E1136,E1137,E1138,E1139,E1200,E1201,E1205,E1206,E1300,E1301,E1302,E1303,E1304,E1305,E1306,E1310,E1700,E1701 --msg-template='{line},{column},{category},{symbol}:{msg}' --reports=n --output-format=text /home/petot/Documents/django-fundamentals/django3/10.model-app/myweb/myweb/settings.py
cwd: /home/petot/Documents/django-fundamentals/django3
##########Linting Output - pylint##########

--------------------------------------------------------------------
Your code has been rated at 10.00/10 (previous run: 10.00/10, +0.00)

> /usr/bin/python3 ~/.vscode/extensions/ms-python.python-2020.9.112786/pythonFiles/pyvsc-run-isolated.py pylint --disable=all --enable=F,unreachable,duplicate-key,unnecessary-semicolon,global-variable-not-assigned,unused-variable,unused-wildcard-import,binary-op-exception,bad-format-string,anomalous-backslash-in-string,bad-open-mode,E0001,E0011,E0012,E0100,E0101,E0102,E0103,E0104,E0105,E0107,E0108,E0110,E0111,E0112,E0113,E0114,E0115,E0116,E0117,E0118,E0202,E0203,E0211,E0213,E0236,E0237,E0238,E0239,E0240,E0241,E0301,E0302,E0303,E0401,E0402,E0601,E0602,E0603,E0604,E0611,E0632,E0633,E0701,E0702,E0703,E0704,E0710,E0711,E0712,E1003,E1101,E1102,E1111,E1120,E1121,E1123,E1124,E1125,E1126,E1127,E1128,E1129,E1130,E1131,E1132,E1133,E1134,E1135,E1136,E1137,E1138,E1139,E1200,E1201,E1205,E1206,E1300,E1301,E1302,E1303,E1304,E1305,E1306,E1310,E1700,E1701 --msg-template='{line},{column},{category},{symbol}:{msg}' --reports=n --output-format=text /home/petot/Documents/django-fundamentals/django3/10.model-app/myweb/blog/migrations/0001_initial.py
cwd: /home/petot/Documents/django-fundamentals/django3
> /usr/bin/python3 ~/.vscode/extensions/ms-python.python-2020.9.112786/pythonFiles/pyvsc-run-isolated.py pylint --disable=all --enable=F,unreachable,duplicate-key,unnecessary-semicolon,global-variable-not-assigned,unused-variable,unused-wildcard-import,binary-op-exception,bad-format-string,anomalous-backslash-in-string,bad-open-mode,E0001,E0011,E0012,E0100,E0101,E0102,E0103,E0104,E0105,E0107,E0108,E0110,E0111,E0112,E0113,E0114,E0115,E0116,E0117,E0118,E0202,E0203,E0211,E0213,E0236,E0237,E0238,E0239,E0240,E0241,E0301,E0302,E0303,E0401,E0402,E0601,E0602,E0603,E0604,E0611,E0632,E0633,E0701,E0702,E0703,E0704,E0710,E0711,E0712,E1003,E1101,E1102,E1111,E1120,E1121,E1123,E1124,E1125,E1126,E1127,E1128,E1129,E1130,E1131,E1132,E1133,E1134,E1135,E1136,E1137,E1138,E1139,E1200,E1201,E1205,E1206,E1300,E1301,E1302,E1303,E1304,E1305,E1306,E1310,E1700,E1701 --msg-template='{line},{column},{category},{symbol}:{msg}' --reports=n --output-format=text /home/petot/Documents/django-fundamentals/django3/10.model-app/myweb/blog/migrations/0001_initial.py
cwd: /home/petot/Documents/django-fundamentals/django3
##########Linting Output - pylint##########

------------------------------------
Your code has been rated at 10.00/10

> /usr/bin/python3 ~/.vscode/extensions/ms-python.python-2020.9.112786/pythonFiles/pyvsc-run-isolated.py ~/.vscode/extensions/ms-python.python-2020.9.112786/pythonFiles/normalizeForInterpreter.py "    def __str__(self):"
Error 2020-10-01 23:13:54: [r [Error]: Traceback (most recent call last):
  File "/root/.vscode/extensions/ms-python.python-2020.9.112786/pythonFiles/pyvsc-run-isolated.py", line 24, in <module>
    runpy.run_path(module, run_name="__main__")
  File "/usr/lib/python3.8/runpy.py", line 263, in run_path
    return _run_module_code(code, init_globals, run_name,
  File "/usr/lib/python3.8/runpy.py", line 96, in _run_module_code
    _run_code(code, mod_globals, init_globals,
  File "/usr/lib/python3.8/runpy.py", line 86, in _run_code
    exec(code, run_globals)
  File "/root/.vscode/extensions/ms-python.python-2020.9.112786/pythonFiles/normalizeForInterpreter.py", line 154, in <module>
    normalize_lines(contents)
  File "/root/.vscode/extensions/ms-python.python-2020.9.112786/pythonFiles/normalizeForInterpreter.py", line 135, in normalize_lines
    global_statement_ranges = _get_global_statement_blocks(source, lines)
  File "/root/.vscode/extensions/ms-python.python-2020.9.112786/pythonFiles/normalizeForInterpreter.py", line 55, in _get_global_statement_blocks
    tree = ast.parse(source)
  File "/usr/lib/python3.8/ast.py", line 47, in parse
    return compile(source, filename, mode, flags,
  File "<unknown>", line 1
    def __str__(self):
                     ^
SyntaxError: unexpected EOF while parsing

	at ChildProcess.<anonymous> (/root/.vscode/extensions/ms-python.python-2020.9.112786/out/client/extension.js:9:53541)
	at Object.onceWrapper (events.js:313:26)
	at ChildProcess.emit (events.js:223:5)
	at maybeClose (internal/child_process.js:1021:16)
	at Process.ChildProcess._handle.onexit (internal/child_process.js:283:5)] Python: Failed to normalize code for execution in terminal
Error 2020-10-01 23:14:02: stderr jediProxy Error (stderr) /root/.vscode/extensions/ms-python.python-2020.9.112786/pythonFiles/completion.py:592: DeprecationWarning: Providing the line is now done in the functions themselves like `Script(...).complete(line, column)`
  script = jedi.Script(
/root/.vscode/extensions/ms-python.python-2020.9.112786/pythonFiles/completion.py:592: DeprecationWarning: Providing the column is now done in the functions themselves like `Script(...).complete(line, column)`
  script = jedi.Script(

Error 2020-10-01 23:14:02: stderr jediProxy Error (stderr) /root/.vscode/extensions/ms-python.python-2020.9.112786/pythonFiles/completion.py:592: DeprecationWarning: Use the code keyword argument instead.
  script = jedi.Script(
/root/.vscode/extensions/ms-python.python-2020.9.112786/pythonFiles/completion.py:592: DeprecationWarning: Deprecated since version 0.17.0. Use the project API instead, which means Script(project=Project(dir, sys_path=sys_path)) instead.
  script = jedi.Script(

Error 2020-10-01 23:14:02: stderr jediProxy Error (stderr) /root/.vscode/extensions/ms-python.python-2020.9.112786/pythonFiles/completion.py:105: DeprecationWarning: Deprecated since version 0.16.0. Use Script(...).get_signatures instead.
  call_signatures = script.call_signatures()

Error 2020-10-01 23:14:02: stderr jediProxy Error (stderr) /root/.vscode/extensions/ms-python.python-2020.9.112786/pythonFiles/completion.py:230: DeprecationWarning: Deprecated since version 0.16.0. Use Script(...).complete instead.
  completions = script.completions()

Error 2020-10-01 23:14:05: stderr jediProxy Error (stderr) /root/.vscode/extensions/ms-python.python-2020.9.112786/pythonFiles/completion.py:584: DeprecationWarning: Deprecated since version 0.16.0. Use Script(...).get_names instead.
  jedi.api.names(

Error 2020-10-01 23:14:06: stderr jediProxy Error (stderr) /root/.vscode/extensions/ms-python.python-2020.9.112786/pythonFiles/completion.py:592: DeprecationWarning: Providing the line is now done in the functions themselves like `Script(...).complete(line, column)`
  script = jedi.Script(

Error 2020-10-01 23:14:06: stderr jediProxy Error (stderr) /root/.vscode/extensions/ms-python.python-2020.9.112786/pythonFiles/completion.py:592: DeprecationWarning: Providing the column is now done in the functions themselves like `Script(...).complete(line, column)`
  script = jedi.Script(
/root/.vscode/extensions/ms-python.python-2020.9.112786/pythonFiles/completion.py:592: DeprecationWarning: Use the code keyword argument instead.
  script = jedi.Script(
/root/.vscode/extensions/ms-python.python-2020.9.112786/pythonFiles/completion.py:592: DeprecationWarning: Deprecated since version 0.17.0. Use the project API instead, which means Script(project=Project(dir, sys_path=sys_path)) instead.
  script = jedi.Script(

Error 2020-10-01 23:14:06: stderr jediProxy Error (stderr) /root/.vscode/extensions/ms-python.python-2020.9.112786/pythonFiles/completion.py:144: DeprecationWarning: Deprecated since version 0.16.0. Use Script(...).get_signatures instead.
  call_signatures = script.call_signatures()

Error 2020-10-01 23:14:06: stderr jediProxy Error (stderr) /root/.vscode/extensions/ms-python.python-2020.9.112786/pythonFiles/completion.py:584: DeprecationWarning: Deprecated since version 0.16.0. Use Script(...).get_names instead.
  jedi.api.names(

Error 2020-10-01 23:14:07: stderr jediProxy Error (stderr) /root/.vscode/extensions/ms-python.python-2020.9.112786/pythonFiles/completion.py:592: DeprecationWarning: Providing the line is now done in the functions themselves like `Script(...).complete(line, column)`
  script = jedi.Script(
/root/.vscode/extensions/ms-python.python-2020.9.112786/pythonFiles/completion.py:592: DeprecationWarning: Providing the column is now done in the functions themselves like `Script(...).complete(line, column)`
  script = jedi.Script(
/root/.vscode/extensions/ms-python.python-2020.9.112786/pythonFiles/completion.py:592: DeprecationWarning: Use the code keyword argument instead.
  script = jedi.Script(

Error 2020-10-01 23:14:07: stderr jediProxy Error (stderr) /root/.vscode/extensions/ms-python.python-2020.9.112786/pythonFiles/completion.py:592: DeprecationWarning: Deprecated since version 0.17.0. Use the project API instead, which means Script(project=Project(dir, sys_path=sys_path)) instead.
  script = jedi.Script(

Error 2020-10-01 23:14:07: stderr jediProxy Error (stderr) /root/.vscode/extensions/ms-python.python-2020.9.112786/pythonFiles/completion.py:144: DeprecationWarning: Deprecated since version 0.16.0. Use Script(...).get_signatures instead.
  call_signatures = script.call_signatures()

Error 2020-10-01 23:14:08: stderr jediProxy Error (stderr) /root/.vscode/extensions/ms-python.python-2020.9.112786/pythonFiles/completion.py:584: DeprecationWarning: Deprecated since version 0.16.0. Use Script(...).get_names instead.
  jedi.api.names(

Error 2020-10-01 23:14:08: stderr jediProxy Error (stderr) /root/.vscode/extensions/ms-python.python-2020.9.112786/pythonFiles/completion.py:592: DeprecationWarning: Providing the line is now done in the functions themselves like `Script(...).complete(line, column)`
  script = jedi.Script(
/root/.vscode/extensions/ms-python.python-2020.9.112786/pythonFiles/completion.py:592: DeprecationWarning: Providing the column is now done in the functions themselves like `Script(...).complete(line, column)`
  script = jedi.Script(
/root/.vscode/extensions/ms-python.python-2020.9.112786/pythonFiles/completion.py:592: DeprecationWarning: Use the code keyword argument instead.
  script = jedi.Script(

Error 2020-10-01 23:14:08: stderr jediProxy Error (stderr) /root/.vscode/extensions/ms-python.python-2020.9.112786/pythonFiles/completion.py:592: DeprecationWarning: Deprecated since version 0.17.0. Use the project API instead, which means Script(project=Project(dir, sys_path=sys_path)) instead.
  script = jedi.Script(

Error 2020-10-01 23:14:08: stderr jediProxy Error (stderr) /root/.vscode/extensions/ms-python.python-2020.9.112786/pythonFiles/completion.py:144: DeprecationWarning: Deprecated since version 0.16.0. Use Script(...).get_signatures instead.
  call_signatures = script.call_signatures()

Error 2020-10-01 23:14:09: stderr jediProxy Error (stderr) /root/.vscode/extensions/ms-python.python-2020.9.112786/pythonFiles/completion.py:584: DeprecationWarning: Deprecated since version 0.16.0. Use Script(...).get_names instead.
  jedi.api.names(

Error 2020-10-01 23:14:10: stderr jediProxy Error (stderr) /root/.vscode/extensions/ms-python.python-2020.9.112786/pythonFiles/completion.py:584: DeprecationWarning: Deprecated since version 0.16.0. Use Script(...).get_names instead.
  jedi.api.names(

Error 2020-10-01 23:14:12: stderr jediProxy Error (stderr) /root/.vscode/extensions/ms-python.python-2020.9.112786/pythonFiles/completion.py:592: DeprecationWarning: Providing the line is now done in the functions themselves like `Script(...).complete(line, column)`
  script = jedi.Script(

Error 2020-10-01 23:14:12: stderr jediProxy Error (stderr) /root/.vscode/extensions/ms-python.python-2020.9.112786/pythonFiles/completion.py:592: DeprecationWarning: Providing the column is now done in the functions themselves like `Script(...).complete(line, column)`
  script = jedi.Script(
/root/.vscode/extensions/ms-python.python-2020.9.112786/pythonFiles/completion.py:592: DeprecationWarning: Use the code keyword argument instead.
  script = jedi.Script(
/root/.vscode/extensions/ms-python.python-2020.9.112786/pythonFiles/completion.py:592: DeprecationWarning: Deprecated since version 0.17.0. Use the project API instead, which means Script(project=Project(dir, sys_path=sys_path)) instead.
  script = jedi.Script(

Error 2020-10-01 23:14:12: stderr jediProxy Error (stderr) /root/.vscode/extensions/ms-python.python-2020.9.112786/pythonFiles/completion.py:105: DeprecationWarning: Deprecated since version 0.16.0. Use Script(...).get_signatures instead.
  call_signatures = script.call_signatures()

Error 2020-10-01 23:14:12: stderr jediProxy Error (stderr) /root/.vscode/extensions/ms-python.python-2020.9.112786/pythonFiles/completion.py:230: DeprecationWarning: Deprecated since version 0.16.0. Use Script(...).complete instead.
  completions = script.completions()

Error 2020-10-01 23:14:12: stderr jediProxy Error (stderr) /root/.vscode/extensions/ms-python.python-2020.9.112786/pythonFiles/completion.py:626: DeprecationWarning: Deprecated since version 0.16.0. Use Script(...).infer instead.
  script.goto_definitions(), request["id"]

Error 2020-10-01 23:14:12: stderr jediProxy Error (stderr) /root/.vscode/extensions/ms-python.python-2020.9.112786/pythonFiles/completion.py:144: DeprecationWarning: Deprecated since version 0.16.0. Use Script(...).get_signatures instead.
  call_signatures = script.call_signatures()

> /usr/bin/python3 ~/.vscode/extensions/ms-python.python-2020.9.112786/pythonFiles/pyvsc-run-isolated.py pylint --disable=all --enable=F,unreachable,duplicate-key,unnecessary-semicolon,global-variable-not-assigned,unused-variable,unused-wildcard-import,binary-op-exception,bad-format-string,anomalous-backslash-in-string,bad-open-mode,E0001,E0011,E0012,E0100,E0101,E0102,E0103,E0104,E0105,E0107,E0108,E0110,E0111,E0112,E0113,E0114,E0115,E0116,E0117,E0118,E0202,E0203,E0211,E0213,E0236,E0237,E0238,E0239,E0240,E0241,E0301,E0302,E0303,E0401,E0402,E0601,E0602,E0603,E0604,E0611,E0632,E0633,E0701,E0702,E0703,E0704,E0710,E0711,E0712,E1003,E1101,E1102,E1111,E1120,E1121,E1123,E1124,E1125,E1126,E1127,E1128,E1129,E1130,E1131,E1132,E1133,E1134,E1135,E1136,E1137,E1138,E1139,E1200,E1201,E1205,E1206,E1300,E1301,E1302,E1303,E1304,E1305,E1306,E1310,E1700,E1701 --msg-template='{line},{column},{category},{symbol}:{msg}' --reports=n --output-format=text /home/petot/Documents/django-fundamentals/django3/10.model-app/myweb/blog/models.py
cwd: /home/petot/Documents/django-fundamentals/django3
> /usr/bin/python3 ~/.vscode/extensions/ms-python.python-2020.9.112786/pythonFiles/pyvsc-run-isolated.py pylint --disable=all --enable=F,unreachable,duplicate-key,unnecessary-semicolon,global-variable-not-assigned,unused-variable,unused-wildcard-import,binary-op-exception,bad-format-string,anomalous-backslash-in-string,bad-open-mode,E0001,E0011,E0012,E0100,E0101,E0102,E0103,E0104,E0105,E0107,E0108,E0110,E0111,E0112,E0113,E0114,E0115,E0116,E0117,E0118,E0202,E0203,E0211,E0213,E0236,E0237,E0238,E0239,E0240,E0241,E0301,E0302,E0303,E0401,E0402,E0601,E0602,E0603,E0604,E0611,E0632,E0633,E0701,E0702,E0703,E0704,E0710,E0711,E0712,E1003,E1101,E1102,E1111,E1120,E1121,E1123,E1124,E1125,E1126,E1127,E1128,E1129,E1130,E1131,E1132,E1133,E1134,E1135,E1136,E1137,E1138,E1139,E1200,E1201,E1205,E1206,E1300,E1301,E1302,E1303,E1304,E1305,E1306,E1310,E1700,E1701 --msg-template='{line},{column},{category},{symbol}:{msg}' --reports=n --output-format=text /home/petot/Documents/django-fundamentals/django3/10.model-app/myweb/blog/models.py
cwd: /home/petot/Documents/django-fundamentals/django3
Error 2020-10-01 23:14:16: stderr jediProxy Error (stderr) /root/.vscode/extensions/ms-python.python-2020.9.112786/pythonFiles/completion.py:584: DeprecationWarning: Deprecated since version 0.16.0. Use Script(...).get_names instead.
  jedi.api.names(

##########Linting Output - pylint##########
************* Module blog.models
10,16,error,syntax-error:invalid syntax (<unknown>, line 10)
Error 2020-10-01 23:14:36: stderr jediProxy Error (stderr) /root/.vscode/extensions/ms-python.python-2020.9.112786/pythonFiles/completion.py:592: DeprecationWarning: Providing the line is now done in the functions themselves like `Script(...).complete(line, column)`
  script = jedi.Script(
/root/.vscode/extensions/ms-python.python-2020.9.112786/pythonFiles/completion.py:592: DeprecationWarning: Providing the column is now done in the functions themselves like `Script(...).complete(line, column)`
  script = jedi.Script(

Error 2020-10-01 23:14:36: stderr jediProxy Error (stderr) /root/.vscode/extensions/ms-python.python-2020.9.112786/pythonFiles/completion.py:592: DeprecationWarning: Deprecated since version 0.17.0. Use the project API instead, which means Script(project=Project(dir, sys_path=sys_path)) instead.
  script = jedi.Script(
/root/.vscode/extensions/ms-python.python-2020.9.112786/pythonFiles/completion.py:626: DeprecationWarning: Deprecated since version 0.16.0. Use Script(...).infer instead.
  script.goto_definitions(), request["id"]

Error 2020-10-01 23:14:37: stderr jediProxy Error (stderr) /root/.vscode/extensions/ms-python.python-2020.9.112786/pythonFiles/completion.py:592: DeprecationWarning: Use the code keyword argument instead.
  script = jedi.Script(

Error 2020-10-01 23:14:37: stderr jediProxy Error (stderr) /root/.vscode/extensions/ms-python.python-2020.9.112786/pythonFiles/completion.py:144: DeprecationWarning: Deprecated since version 0.16.0. Use Script(...).get_signatures instead.
  call_signatures = script.call_signatures()

Error 2020-10-01 23:14:41: stderr jediProxy Error (stderr) /root/.vscode/extensions/ms-python.python-2020.9.112786/pythonFiles/completion.py:584: DeprecationWarning: Deprecated since version 0.16.0. Use Script(...).get_names instead.
  jedi.api.names(

Error 2020-10-01 23:14:42: stderr jediProxy Error (stderr) /root/.vscode/extensions/ms-python.python-2020.9.112786/pythonFiles/completion.py:584: DeprecationWarning: Deprecated since version 0.16.0. Use Script(...).get_names instead.
  jedi.api.names(

> /usr/bin/python3 ~/.vscode/extensions/ms-python.python-2020.9.112786/pythonFiles/pyvsc-run-isolated.py pylint --disable=all --enable=F,unreachable,duplicate-key,unnecessary-semicolon,global-variable-not-assigned,unused-variable,unused-wildcard-import,binary-op-exception,bad-format-string,anomalous-backslash-in-string,bad-open-mode,E0001,E0011,E0012,E0100,E0101,E0102,E0103,E0104,E0105,E0107,E0108,E0110,E0111,E0112,E0113,E0114,E0115,E0116,E0117,E0118,E0202,E0203,E0211,E0213,E0236,E0237,E0238,E0239,E0240,E0241,E0301,E0302,E0303,E0401,E0402,E0601,E0602,E0603,E0604,E0611,E0632,E0633,E0701,E0702,E0703,E0704,E0710,E0711,E0712,E1003,E1101,E1102,E1111,E1120,E1121,E1123,E1124,E1125,E1126,E1127,E1128,E1129,E1130,E1131,E1132,E1133,E1134,E1135,E1136,E1137,E1138,E1139,E1200,E1201,E1205,E1206,E1300,E1301,E1302,E1303,E1304,E1305,E1306,E1310,E1700,E1701 --msg-template='{line},{column},{category},{symbol}:{msg}' --reports=n --output-format=text /home/petot/Documents/django-fundamentals/django3/10.model-app/myweb/blog/models.py
cwd: /home/petot/Documents/django-fundamentals/django3
> /usr/bin/python3 ~/.vscode/extensions/ms-python.python-2020.9.112786/pythonFiles/pyvsc-run-isolated.py pylint --disable=all --enable=F,unreachable,duplicate-key,unnecessary-semicolon,global-variable-not-assigned,unused-variable,unused-wildcard-import,binary-op-exception,bad-format-string,anomalous-backslash-in-string,bad-open-mode,E0001,E0011,E0012,E0100,E0101,E0102,E0103,E0104,E0105,E0107,E0108,E0110,E0111,E0112,E0113,E0114,E0115,E0116,E0117,E0118,E0202,E0203,E0211,E0213,E0236,E0237,E0238,E0239,E0240,E0241,E0301,E0302,E0303,E0401,E0402,E0601,E0602,E0603,E0604,E0611,E0632,E0633,E0701,E0702,E0703,E0704,E0710,E0711,E0712,E1003,E1101,E1102,E1111,E1120,E1121,E1123,E1124,E1125,E1126,E1127,E1128,E1129,E1130,E1131,E1132,E1133,E1134,E1135,E1136,E1137,E1138,E1139,E1200,E1201,E1205,E1206,E1300,E1301,E1302,E1303,E1304,E1305,E1306,E1310,E1700,E1701 --msg-template='{line},{column},{category},{symbol}:{msg}' --reports=n --output-format=text /home/petot/Documents/django-fundamentals/django3/10.model-app/myweb/blog/models.py
cwd: /home/petot/Documents/django-fundamentals/django3
Error 2020-10-01 23:14:44: stderr jediProxy Error (stderr) /root/.vscode/extensions/ms-python.python-2020.9.112786/pythonFiles/completion.py:584: DeprecationWarning: Deprecated since version 0.16.0. Use Script(...).get_names instead.
  jedi.api.names(

Error 2020-10-01 23:14:45: stderr jediProxy Error (stderr) /root/.vscode/extensions/ms-python.python-2020.9.112786/pythonFiles/completion.py:592: DeprecationWarning: Providing the line is now done in the functions themselves like `Script(...).complete(line, column)`
  script = jedi.Script(
/root/.vscode/extensions/ms-python.python-2020.9.112786/pythonFiles/completion.py:592: DeprecationWarning: Providing the column is now done in the functions themselves like `Script(...).complete(line, column)`
  script = jedi.Script(

Error 2020-10-01 23:14:45: stderr jediProxy Error (stderr) /root/.vscode/extensions/ms-python.python-2020.9.112786/pythonFiles/completion.py:592: DeprecationWarning: Deprecated since version 0.17.0. Use the project API instead, which means Script(project=Project(dir, sys_path=sys_path)) instead.
  script = jedi.Script(

Error 2020-10-01 23:14:45: stderr jediProxy Error (stderr) /root/.vscode/extensions/ms-python.python-2020.9.112786/pythonFiles/completion.py:626: DeprecationWarning: Deprecated since version 0.16.0. Use Script(...).infer instead.
  script.goto_definitions(), request["id"]

##########Linting Output - pylint##########

--------------------------------------------------------------------
Your code has been rated at 10.00/10 (previous run: 10.00/10, +0.00)

